#
# There is insufficient memory for the Java Runtime Environment to continue.
# Native memory allocation (mmap) failed to map 65536 bytes for Failed to commit metaspace.
# Possible reasons:
#   The system is out of physical RAM or swap space
#   The process is running with CompressedOops enabled, and the Java Heap may be blocking the growth of the native heap
# Possible solutions:
#   Reduce memory load on the system
#   Increase physical memory or swap space
#   Check if swap backing store is full
#   Decrease Java heap size (-Xmx/-Xms)
#   Decrease number of Java threads
#   Decrease Java thread stack sizes (-Xss)
#   Set larger code cache with -XX:ReservedCodeCacheSize=
#   JVM is running with Unscaled Compressed Oops mode in which the Java heap is
#     placed in the first 4GB address space. The Java Heap base address is the
#     maximum limit for the native heap growth. Please use -XX:HeapBaseMinAddress
#     to set the Java Heap base and to place the Java Heap above 4GB virtual address.
# This output file may be truncated or incomplete.
#
#  Out of Memory Error (virtualSpaceNode.cpp:112), pid=20456, tid=21136
#
# JRE version: Java(TM) SE Runtime Environment (21.0.2+13) (build 21.0.2+13-LTS-58)
# Java VM: Java HotSpot(TM) 64-Bit Server VM (21.0.2+13-LTS-58, mixed mode, emulated-client, sharing, tiered, compressed oops, compressed class ptrs, g1 gc, windows-amd64)
# No core dump will be written. Minidumps are not enabled by default on client versions of Windows
#

---------------  S U M M A R Y ------------

Command Line: -XX:TieredStopAtLevel=1 -Dspring.output.ansi.enabled=always -Dcom.sun.management.jmxremote -Dspring.jmx.enabled=true -Dspring.liveBeansView.mbeanDomain -Dspring.application.admin.enabled=true -Dmanagement.endpoints.jmx.exposure.include=* -javaagent:C:\Program Files\JetBrains\IntelliJ IDEA 2024.3.4.1\lib\idea_rt.jar=55501 -Dfile.encoding=UTF-8 -Dsun.stdout.encoding=UTF-8 -Dsun.stderr.encoding=UTF-8 com.Uni9.barberia_project.BarberiaProjectApplication

Host: 11th Gen Intel(R) Core(TM) i3-1115G4 @ 3.00GHz, 4 cores, 3G,  Windows 11 , 64 bit Build 26100 (10.0.26100.4202)
Time: Mon Jun  2 01:43:17 2025 Hora oficial do Brasil elapsed time: 4.611634 seconds (0d 0h 0m 4s)

---------------  T H R E A D  ---------------

Current thread (0x000001b9fd8ef910):  JavaThread "main"             [_thread_in_vm, id=21136, stack(0x000000a30d800000,0x000000a30d900000) (1024K)]

Stack: [0x000000a30d800000,0x000000a30d900000]
Native frames: (J=compiled Java code, j=interpreted, Vv=VM code, C=native code)
V  [jvm.dll+0x6cade9]
V  [jvm.dll+0x8569c1]
V  [jvm.dll+0x858d2e]
V  [jvm.dll+0x859413]
V  [jvm.dll+0x280e56]
V  [jvm.dll+0x8526ee]
V  [jvm.dll+0x66e705]
V  [jvm.dll+0x1e68cc]
V  [jvm.dll+0x1e669e]
V  [jvm.dll+0x67104c]
V  [jvm.dll+0x670e62]
V  [jvm.dll+0x66f0de]
V  [jvm.dll+0x26b47f]
V  [jvm.dll+0x679305]
V  [jvm.dll+0x217b73]
V  [jvm.dll+0x2180b5]
V  [jvm.dll+0x218ad1]
V  [jvm.dll+0x20dd9e]
V  [jvm.dll+0x5ad3dc]
V  [jvm.dll+0x7cf5e6]
V  [jvm.dll+0x470270]
V  [jvm.dll+0x475ef8]
C  [java.dll+0x17ec]

Java frames: (J=compiled Java code, j=interpreted, Vv=VM code)
J 1510  java.lang.ClassLoader.defineClass1(Ljava/lang/ClassLoader;Ljava/lang/String;[BIILjava/security/ProtectionDomain;Ljava/lang/String;)Ljava/lang/Class; java.base@21.0.2 (0 bytes) @ 0x000001b9887a7411 [0x000001b9887a7340+0x00000000000000d1]
J 1540 c1 java.lang.ClassLoader.defineClass(Ljava/lang/String;[BIILjava/security/ProtectionDomain;)Ljava/lang/Class; java.base@21.0.2 (43 bytes) @ 0x000001b9887b66fc [0x000001b9887b65e0+0x000000000000011c]
J 1541 c1 jdk.internal.loader.BuiltinClassLoader.defineClass(Ljava/lang/String;Ljdk/internal/loader/Resource;)Ljava/lang/Class; java.base@21.0.2 (121 bytes) @ 0x000001b9887b7e94 [0x000001b9887b7940+0x0000000000000554]
j  jdk.internal.loader.BuiltinClassLoader.findClassOnClassPathOrNull(Ljava/lang/String;)Ljava/lang/Class;+37 java.base@21.0.2
J 1258 c1 jdk.internal.loader.BuiltinClassLoader.loadClassOrNull(Ljava/lang/String;Z)Ljava/lang/Class; java.base@21.0.2 (143 bytes) @ 0x000001b98873aa7c [0x000001b98873a680+0x00000000000003fc]
J 1420 c1 jdk.internal.loader.ClassLoaders$AppClassLoader.loadClass(Ljava/lang/String;Z)Ljava/lang/Class; java.base@21.0.2 (40 bytes) @ 0x000001b98877c38c [0x000001b98877c340+0x000000000000004c]
J 1409 c1 java.lang.ClassLoader.loadClass(Ljava/lang/String;)Ljava/lang/Class; java.base@21.0.2 (7 bytes) @ 0x000001b988778794 [0x000001b988778740+0x0000000000000054]
v  ~StubRoutines::call_stub 0x000001b9883a10e7
j  org.springframework.boot.devtools.restart.RestartApplicationListener.onApplicationStartingEvent(Lorg/springframework/boot/context/event/ApplicationStartingEvent;)V+119
j  org.springframework.boot.devtools.restart.RestartApplicationListener.onApplicationEvent(Lorg/springframework/context/ApplicationEvent;)V+14
j  org.springframework.context.event.SimpleApplicationEventMulticaster.doInvokeListener(Lorg/springframework/context/ApplicationListener;Lorg/springframework/context/ApplicationEvent;)V+2
j  org.springframework.context.event.SimpleApplicationEventMulticaster.invokeListener(Lorg/springframework/context/ApplicationListener;Lorg/springframework/context/ApplicationEvent;)V+34
j  org.springframework.context.event.SimpleApplicationEventMulticaster.multicastEvent(Lorg/springframework/context/ApplicationEvent;Lorg/springframework/core/ResolvableType;)V+104
j  org.springframework.context.event.SimpleApplicationEventMulticaster.multicastEvent(Lorg/springframework/context/ApplicationEvent;)V+3
j  org.springframework.boot.context.event.EventPublishingRunListener.multicastInitialEvent(Lorg/springframework/context/ApplicationEvent;)V+9
j  org.springframework.boot.context.event.EventPublishingRunListener.starting(Lorg/springframework/boot/ConfigurableBootstrapContext;)V+17
j  org.springframework.boot.SpringApplicationRunListeners.lambda$starting$0(Lorg/springframework/boot/ConfigurableBootstrapContext;Lorg/springframework/boot/SpringApplicationRunListener;)V+2
j  org.springframework.boot.SpringApplicationRunListeners$$Lambda+0x000001b9901155d8.accept(Ljava/lang/Object;)V+8
j  java.lang.Iterable.forEach(Ljava/util/function/Consumer;)V+30 java.base@21.0.2
j  org.springframework.boot.SpringApplicationRunListeners.doWithListeners(Ljava/lang/String;Ljava/util/function/Consumer;Ljava/util/function/Consumer;)V+17
j  org.springframework.boot.SpringApplicationRunListeners.starting(Lorg/springframework/boot/ConfigurableBootstrapContext;Ljava/lang/Class;)V+15
j  org.springframework.boot.SpringApplication.run([Ljava/lang/String;)Lorg/springframework/context/ConfigurableApplicationContext;+46
j  org.springframework.boot.SpringApplication.run([Ljava/lang/Class;[Ljava/lang/String;)Lorg/springframework/context/ConfigurableApplicationContext;+9
j  org.springframework.boot.SpringApplication.run(Ljava/lang/Class;[Ljava/lang/String;)Lorg/springframework/context/ConfigurableApplicationContext;+9
j  com.Uni9.barberia_project.BarberiaProjectApplication.main([Ljava/lang/String;)V+3
v  ~StubRoutines::call_stub 0x000001b9883a10e7

Compiled method (n/a)    4729 1510     n 0       java.lang.ClassLoader::defineClass1 (native)
 total in heap  [0x000001b9887a7190,0x000001b9887a78f0] = 1888
 relocation     [0x000001b9887a72f0,0x000001b9887a7330] = 64
 main code      [0x000001b9887a7340,0x000001b9887a78ef] = 1455
 stub code      [0x000001b9887a78ef,0x000001b9887a78f0] = 1

[Constant Pool (empty)]

[MachCode]
[Entry Point]
  # {method} {0x000001b98f43cd80} 'defineClass1' '(Ljava/lang/ClassLoader;Ljava/lang/String;[BIILjava/security/ProtectionDomain;Ljava/lang/String;)Ljava/lang/Class;' in 'java/lang/ClassLoader'
  # parm0:    rdx:rdx   = 'java/lang/ClassLoader'
  # parm1:    r8:r8     = 'java/lang/String'
  # parm2:    r9:r9     = '[B'
  # parm3:    rdi       = int
  # parm4:    rsi       = int
  # parm5:    rcx:rcx   = 'java/security/ProtectionDomain'
  # parm6:    [sp+0xa0]   = 'java/lang/String'  (sp of caller)
  0x000001b9887a7340: 448b 5208 | 49bb 0000 | 008f b901 | 0000 4d03 | d349 3bc2 | 0f84 0600 

  0x000001b9887a7358: ;   {runtime_call ic_miss_stub}
  0x000001b9887a7358: 0000 e921 | 76c4 ff90 
[Verified Entry Point]
  0x000001b9887a7360: 8984 2400 | 80ff ff55 | 488b ec48 | 81ec 9000 | 0000 6690 | 4181 7f20 | 0100 0000 

  0x000001b9887a737c: ;   {runtime_call StubRoutines (final stubs)}
  0x000001b9887a737c: 7405 e87d | eec2 ff48 | 837d 1000 | 488d 4510 | 480f 4445 | 1048 8944 | 2440 4889 | 4c24 7048 
  0x000001b9887a739c: 83f9 0048 | 8d44 2470 | 480f 4444 | 2470 4889 | 4424 3848 | 8974 2430 | 4889 7c24 | 284c 894c 
  0x000001b9887a73bc: 2458 4983 | f900 488d | 4424 5848 | 0f44 4424 | 5848 8944 | 2420 4c89 | 4424 5049 | 83f8 004c 
  0x000001b9887a73dc: 8d4c 2450 | 4c0f 444c | 2450 4889 | 5424 4848 | 83fa 004c | 8d44 2448 | 4c0f 4444 

  0x000001b9887a73f8: ;   {oop(a 'java/lang/Class'{0x00000000c38ac738} = 'java/lang/ClassLoader')}
  0x000001b9887a73f8: 2448 49be | 38c7 8ac3 | 0000 0000 | 4c89 7424 | 784c 8d74 | 2478 498b | d6c5 f877 

  0x000001b9887a7414: ;   {internal_word}
  0x000001b9887a7414: 49ba 1174 | 7a88 b901 | 0000 4d89 | 97a0 0300 | 0049 89a7 | 9803 0000 

  0x000001b9887a742c: ;   {external_word}
  0x000001b9887a742c: 49ba f945 | 8b8b fe7f | 0000 4180 | 3a00 0f84 | 4e00 0000 | 5241 5041 

  0x000001b9887a7444: ;   {metadata({method} {0x000001b98f43cd80} 'defineClass1' '(Ljava/lang/ClassLoader;Ljava/lang/String;[BIILjava/security/ProtectionDomain;Ljava/lang/String;)Ljava/lang/Class;' in 'java/lang/ClassLoader')}
  0x000001b9887a7444: 5148 ba78 | cd43 8fb9 | 0100 0049 | 8bcf 4883 | ec20 40f6 | c40f 0f84 | 1900 0000 | 4883 ec08 
  0x000001b9887a7464: ;   {runtime_call}
  0x000001b9887a7464: 48b8 4009 | 3c8b fe7f | 0000 ffd0 | 4883 c408 | e90c 0000 

  0x000001b9887a7478: ;   {runtime_call}
  0x000001b9887a7478: 0048 b840 | 093c 8bfe | 7f00 00ff | d048 83c4 | 2041 5941 | 585a 498d | 8fb8 0300 | 0041 c787 
  0x000001b9887a7498: 4c04 0000 | 0400 0000 

  0x000001b9887a74a0: ;   {runtime_call}
  0x000001b9887a74a0: 48b8 ac16 | b8fd fe7f | 0000 ffd0 | c5f8 7741 | c787 4c04 | 0000 0500 | 0000 f083 | 4424 c000 
  0x000001b9887a74c0: 493b af50 | 0400 000f | 870e 0000 | 0041 83bf | 4804 0000 | 000f 842b | 0000 00c5 | f877 4889 
  0x000001b9887a74e0: 45f8 498b | cf4c 8be4 | 4883 ec20 | 4883 e4f0 

  0x000001b9887a74f0: ;   {runtime_call}
  0x000001b9887a74f0: 48b8 d0c3 | 078b fe7f | 0000 ffd0 | 498b e44d | 33e4 488b | 45f8 41c7 | 874c 0400 | 0008 0000 
  0x000001b9887a7510: 0041 83bf | c804 0000 | 020f 84a3 

  0x000001b9887a751c: ;   {external_word}
  0x000001b9887a751c: 0300 0049 | baf9 458b | 8bfe 7f00 | 0041 803a | 000f 844c | 0000 0048 

  0x000001b9887a7534: ;   {metadata({method} {0x000001b98f43cd80} 'defineClass1' '(Ljava/lang/ClassLoader;Ljava/lang/String;[BIILjava/security/ProtectionDomain;Ljava/lang/String;)Ljava/lang/Class;' in 'java/lang/ClassLoader')}
  0x000001b9887a7534: 8945 f848 | ba78 cd43 | 8fb9 0100 | 0049 8bcf | 4883 ec20 | 40f6 c40f | 0f84 1900 | 0000 4883 
  0x000001b9887a7554: ;   {runtime_call}
  0x000001b9887a7554: ec08 48b8 | 4009 3c8b | fe7f 0000 | ffd0 4883 | c408 e90c 

  0x000001b9887a7568: ;   {runtime_call}
  0x000001b9887a7568: 0000 0048 | b840 093c | 8bfe 7f00 | 00ff d048 | 83c4 2048 | 8b45 f849 | c787 9803 | 0000 0000 
  0x000001b9887a7588: 0000 49c7 | 87a0 0300 | 0000 0000 | 00c5 f877 | 4885 c00f | 84fe 0200 | 00a8 030f | 8508 0000 
  0x000001b9887a75a8: 0048 8b00 | e9ee 0200 | 00a8 010f | 8509 0000 | 0048 8b40 | fee9 dd02 | 0000 488b | 40ff 4180 
  0x000001b9887a75c8: 7f40 000f | 84ce 0200 | 0048 83f8 | 000f 84c4 | 0200 0049 | 8b4f 2848 | 83f9 000f | 8414 0000 
  0x000001b9887a75e8: 0048 83e9 | 0849 894f | 2849 034f | 3848 8901 | e9a2 0200 | 0048 81ec | 5001 0000 | 4889 0424 
  0x000001b9887a7608: 4889 4c24 | 0848 8954 | 2410 4889 | 7424 1848 | 897c 2420 | 4c89 4424 | 284c 894c | 2430 4c89 
  0x000001b9887a7628: 5424 384c | 895c 2440 | c5fb 1144 | 2450 c5fb | 114c 2458 | c5fb 1154 | 2460 c5fb | 115c 2468 
  0x000001b9887a7648: c5fb 1164 | 2470 c5fb | 116c 2478 | c5fb 11b4 | 2480 0000 | 00c5 fb11 | bc24 8800 | 0000 c57b 
  0x000001b9887a7668: ;   {no_reloc}
  0x000001b9887a7668: 1184 2490 | 0000 00c5 | 7b11 8c24 | 9800 0000 | c57b 1194 | 24a0 0000 | 00c5 7b11 | 9c24 a800 
  0x000001b9887a7688: 0000 c57b | 11a4 24b0 | 0000 00c5 | 7b11 ac24 | b800 0000 | c57b 11b4 | 24c0 0000 | 00c5 7b11 
  0x000001b9887a76a8: bc24 c800 | 0000 62e1 | ff08 1144 | 241a 62e1 | ff08 114c | 241b 62e1 | ff08 1154 | 241c 62e1 
  0x000001b9887a76c8: ff08 115c | 241d 62e1 | ff08 1164 | 241e 62e1 | ff08 116c | 241f 62e1 | ff08 1174 | 2420 62e1 
  0x000001b9887a76e8: ff08 117c | 2421 6261 | ff08 1144 | 2422 6261 | ff08 114c | 2423 6261 | ff08 1154 | 2424 6261 
  0x000001b9887a7708: ff08 115c | 2425 6261 | ff08 1164 | 2426 6261 | ff08 116c | 2427 6261 | ff08 1174 | 2428 6261 
  0x000001b9887a7728: ff08 117c | 2429 498b | d748 8bc8 | 4883 ec20 | 40f6 c40f | 0f84 1900 | 0000 4883 

  0x000001b9887a7744: ;   {runtime_call}
  0x000001b9887a7744: ec08 48b8 | 9026 fb8a | fe7f 0000 | ffd0 4883 | c408 e90c 

  0x000001b9887a7758: ;   {runtime_call}
  0x000001b9887a7758: 0000 0048 | b890 26fb | 8afe 7f00 | 00ff d048 | 83c4 2062 | 61ff 0810 | 7c24 2962 | 61ff 0810 
  0x000001b9887a7778: 7424 2862 | 61ff 0810 | 6c24 2762 | 61ff 0810 | 6424 2662 | 61ff 0810 | 5c24 2562 | 61ff 0810 
  0x000001b9887a7798: 5424 2462 | 61ff 0810 | 4c24 2362 | 61ff 0810 | 4424 2262 | e1ff 0810 | 7c24 2162 | e1ff 0810 
  0x000001b9887a77b8: 7424 2062 | e1ff 0810 | 6c24 1f62 | e1ff 0810 | 6424 1e62 | e1ff 0810 | 5c24 1d62 | e1ff 0810 
  0x000001b9887a77d8: 5424 1c62 | e1ff 0810 | 4c24 1b62 | e1ff 0810 | 4424 1ac5 | 7b10 bc24 | c800 0000 | c57b 10b4 
  0x000001b9887a77f8: 24c0 0000 | 00c5 7b10 | ac24 b800 | 0000 c57b | 10a4 24b0 | 0000 00c5 | 7b10 9c24 | a800 0000 
  0x000001b9887a7818: c57b 1094 | 24a0 0000 | 00c5 7b10 | 8c24 9800 | 0000 c57b | 1084 2490 | 0000 00c5 | fb10 bc24 
  0x000001b9887a7838: 8800 0000 | c5fb 10b4 | 2480 0000 | 00c5 fb10 | 6c24 78c5 | fb10 6424 | 70c5 fb10 | 5c24 68c5 
  0x000001b9887a7858: ;   {no_reloc}
  0x000001b9887a7858: fb10 5424 | 60c5 fb10 | 4c24 58c5 | fb10 4424 | 504c 8b5c | 2440 4c8b | 5424 384c | 8b4c 2430 
  0x000001b9887a7878: 4c8b 4424 | 2848 8b7c | 2420 488b | 7424 1848 | 8b54 2410 | 488b 4c24 | 0848 8b04 | 2448 81c4 
  0x000001b9887a7898: 5001 0000 | c5f8 7749 | 8b8f 2804 | 0000 c781 | 0001 0000 | 0000 0000 | c949 837f | 0800 0f85 
  0x000001b9887a78b8: 0100 0000 

  0x000001b9887a78bc: ;   {runtime_call StubRoutines (initial stubs)}
  0x000001b9887a78bc: c3e9 3e96 | bfff c5f8 | 7748 8945 | f84c 8be4 | 4883 ec20 | 4883 e4f0 

  0x000001b9887a78d4: ;   {runtime_call}
  0x000001b9887a78d4: 48b8 7041 | 3c8b fe7f | 0000 ffd0 | 498b e44d | 33e4 488b | 45f8 e930 | fcff fff4 
[/MachCode]


Compiled method (c1)    4738 1540       1       java.lang.ClassLoader::defineClass (43 bytes)
 total in heap  [0x000001b9887b6410,0x000001b9887b69d0] = 1472
 relocation     [0x000001b9887b6570,0x000001b9887b65e0] = 112
 main code      [0x000001b9887b65e0,0x000001b9887b67a0] = 448
 stub code      [0x000001b9887b67a0,0x000001b9887b6818] = 120
 metadata       [0x000001b9887b6818,0x000001b9887b6848] = 48
 scopes data    [0x000001b9887b6848,0x000001b9887b6900] = 184
 scopes pcs     [0x000001b9887b6900,0x000001b9887b69a0] = 160
 dependencies   [0x000001b9887b69a0,0x000001b9887b69a8] = 8
 nul chk table  [0x000001b9887b69a8,0x000001b9887b69d0] = 40

[Constant Pool (empty)]

[MachCode]
[Entry Point]
  # {method} {0x000001b98f43d100} 'defineClass' '(Ljava/lang/String;[BIILjava/security/ProtectionDomain;)Ljava/lang/Class;' in 'java/lang/ClassLoader'
  # this:     rdx:rdx   = 'java/lang/ClassLoader'
  # parm0:    r8:r8     = 'java/lang/String'
  # parm1:    r9:r9     = '[B'
  # parm2:    rdi       = int
  # parm3:    rsi       = int
  # parm4:    rcx:rcx   = 'java/security/ProtectionDomain'
  #           [sp+0xc0]  (sp of caller)
  0x000001b9887b65e0: 448b 5208 | 49bb 0000 | 008f b901 | 0000 4d03 | d34c 3bd0 

  0x000001b9887b65f4: ;   {runtime_call ic_miss_stub}
  0x000001b9887b65f4: 0f85 8683 | c3ff 660f | 1f44 0000 
[Verified Entry Point]
  0x000001b9887b6600: 8984 2400 | 80ff ff55 | 4881 ecb0 | 0000 0090 | 4181 7f20 | 0100 0000 

  0x000001b9887b6618: ;   {runtime_call StubRoutines (final stubs)}
  0x000001b9887b6618: 7405 e8e1 | fbc1 ff48 | 8954 2478 | 89b4 2494 | 0000 0089 | bc24 9000 | 0000 4c89 | 8c24 8800 
  0x000001b9887b6638: 0000 498b | d84c 8bc3 | 4c8b c948 | 8bca 488b | d148 899c | 2480 0000 | 0066 0f1f 

  0x000001b9887b6654: ;   {optimized virtual_call}
  0x000001b9887b6654: 4400 00e8 

  0x000001b9887b6658: ; ImmutableOopMap {[120]=Oop [128]=Oop [136]=Oop }
                      ;*invokevirtual preDefineClass {reexecute=0 rethrow=0 return_oop=0}
                      ; - java.lang.ClassLoader::defineClass@4 (line 1025)
  0x000001b9887b6658: e4e4 ffff 

  0x000001b9887b665c: ;   {other}
  0x000001b9887b665c: 0f1f 8400 | 4c02 0000 | 4889 8424 | 9800 0000 

  0x000001b9887b666c: ; implicit exception: dispatches to 0x000001b9887b674a
  0x000001b9887b666c: 448b 4010 | 4d85 c00f | 850f 0000 

  0x000001b9887b6678: ;   {oop(nullptr)}
  0x000001b9887b6678: 0048 bb00 | 0000 0000 | 0000 00e9 | 3f00 0000 

  0x000001b9887b6688: ; implicit exception: dispatches to 0x000001b9887b674f
  0x000001b9887b6688: 458b 400c | 4d85 c00f | 850f 0000 

  0x000001b9887b6694: ;   {oop(nullptr)}
  0x000001b9887b6694: 0048 bb00 | 0000 0000 | 0000 00e9 | 2300 0000 

  0x000001b9887b66a4: ; implicit exception: dispatches to 0x000001b9887b6754
  0x000001b9887b66a4: 418b 5038 

  0x000001b9887b66a8: ; implicit exception: dispatches to 0x000001b9887b6759
  0x000001b9887b66a8: 483b 020f 

  0x000001b9887b66ac: ;   {optimized virtual_call}
  0x000001b9887b66ac: 1f40 00e8 

  0x000001b9887b66b0: ; ImmutableOopMap {[120]=Oop [128]=Oop [136]=Oop [152]=Oop }
                      ;*invokevirtual toExternalForm {reexecute=0 rethrow=0 return_oop=0}
                      ; - java.net.URL::toExternalForm@5 (line 1203)
                      ; - java.net.URL::toString@1 (line 1189)
                      ; - java.lang.ClassLoader::defineClassSourceLocation@22 (line 927)
                      ; - java.lang.ClassLoader::defineClass@12 (line 1026)
  0x000001b9887b66b0: 4c33 fdff 

  0x000001b9887b66b4: ;   {other}
  0x000001b9887b66b4: 0f1f 8400 | a402 0001 | 488b d848 | 8b84 2498 | 0000 008b | b424 9400 | 0000 8bbc | 2490 0000 
  0x000001b9887b66d4: 004c 8b8c | 2488 0000 | 004c 8b84 | 2480 0000 | 0048 8b54 | 2478 4c8b | da49 8bd3 | 488b c848 
  0x000001b9887b66f4: ;   {static_call}
  0x000001b9887b66f4: 891c 24e8 

  0x000001b9887b66f8: ; ImmutableOopMap {[120]=Oop [152]=Oop }
                      ;*invokestatic defineClass1 {reexecute=0 rethrow=0 return_oop=0}
                      ; - java.lang.ClassLoader::defineClass@27 (line 1027)
  0x000001b9887b66f8: 640c ffff 

  0x000001b9887b66fc: ;   {other}
  0x000001b9887b66fc: 0f1f 8400 | ec02 0002 | 4c8b c04c | 8b8c 2498 | 0000 0048 | 8b54 2478 | 4889 8424 | a000 0000 
  0x000001b9887b671c: ;   {optimized virtual_call}
  0x000001b9887b671c: 6666 90e8 

  0x000001b9887b6720: ; ImmutableOopMap {[160]=Oop }
                      ;*invokevirtual postDefineClass {reexecute=0 rethrow=0 return_oop=0}
                      ; - java.lang.ClassLoader::defineClass@37 (line 1028)
  0x000001b9887b6720: ae00 0000 

  0x000001b9887b6724: ;   {other}
  0x000001b9887b6724: 0f1f 8400 | 1403 0003 | 488b 8424 | a000 0000 | 4881 c4b0 | 0000 005d 

  0x000001b9887b673c: ;   {poll_return}
  0x000001b9887b673c: 493b a750 | 0400 000f | 8715 0000 

  0x000001b9887b6748: ;   {runtime_call throw_null_pointer_exception Runtime1 stub}
  0x000001b9887b6748: 00c3 e851 

  0x000001b9887b674c: ; ImmutableOopMap {rax=Oop [120]=Oop [128]=Oop [136]=Oop [152]=Oop }
                      ;*invokevirtual getCodeSource {reexecute=0 rethrow=0 return_oop=0}
                      ; - java.lang.ClassLoader::defineClassSourceLocation@1 (line 924)
                      ; - java.lang.ClassLoader::defineClass@12 (line 1026)
                      ;   {runtime_call throw_null_pointer_exception Runtime1 stub}
  0x000001b9887b674c: dbcf ffe8 

  0x000001b9887b6750: ; ImmutableOopMap {rax=Oop [120]=Oop [128]=Oop [136]=Oop [152]=Oop }
                      ;*invokevirtual getLocation {reexecute=0 rethrow=0 return_oop=0}
                      ; - java.lang.ClassLoader::defineClassSourceLocation@12 (line 926)
                      ; - java.lang.ClassLoader::defineClass@12 (line 1026)
  0x000001b9887b6750: 4cdb cfff 

  0x000001b9887b6754: ;   {runtime_call throw_null_pointer_exception Runtime1 stub}
  0x000001b9887b6754: e847 dbcf 

  0x000001b9887b6758: ; ImmutableOopMap {r8=Oop [120]=Oop [128]=Oop [136]=Oop [152]=Oop }
                      ;*invokevirtual toString {reexecute=0 rethrow=0 return_oop=0}
                      ; - java.lang.ClassLoader::defineClassSourceLocation@22 (line 927)
                      ; - java.lang.ClassLoader::defineClass@12 (line 1026)
                      ;   {runtime_call throw_null_pointer_exception Runtime1 stub}
  0x000001b9887b6758: ffe8 42db 

  0x000001b9887b675c: ; ImmutableOopMap {r8=Oop rdx=Oop [120]=Oop [128]=Oop [136]=Oop [152]=Oop }
                      ;*invokevirtual toExternalForm {reexecute=0 rethrow=0 return_oop=0}
                      ; - java.net.URL::toExternalForm@5 (line 1203)
                      ; - java.net.URL::toString@1 (line 1189)
                      ; - java.lang.ClassLoader::defineClassSourceLocation@22 (line 927)
                      ; - java.lang.ClassLoader::defineClass@12 (line 1026)
                      ;   {internal_word}
  0x000001b9887b675c: cfff 49ba | 3c67 7b88 | b901 0000 | 4d89 9768 

  0x000001b9887b676c: ;   {runtime_call SafepointBlob}
  0x000001b9887b676c: 0400 00e9 | 0c04 c4ff | 498b 8700 | 0500 0049 | c787 0005 | 0000 0000 | 0000 49c7 | 8708 0500 
  0x000001b9887b678c: 0000 0000 | 0048 81c4 | b000 0000 

  0x000001b9887b6798: ;   {runtime_call unwind_exception Runtime1 stub}
  0x000001b9887b6798: 5de9 e2c5 | cfff f4f4 
[Stub Code]
  0x000001b9887b67a0: ;   {no_reloc}
  0x000001b9887b67a0: 0f1f 4400 

  0x000001b9887b67a4: ;   {static_stub}
  0x000001b9887b67a4: 0048 bb00 | 0000 0000 

  0x000001b9887b67ac: ;   {runtime_call}
  0x000001b9887b67ac: 0000 00e9 | fbff ffff 

  0x000001b9887b67b4: ;   {static_stub}
  0x000001b9887b67b4: 48bb 0000 | 0000 0000 

  0x000001b9887b67bc: ;   {runtime_call}
  0x000001b9887b67bc: 0000 e9fb 

  0x000001b9887b67c0: ;   {static_stub}
  0x000001b9887b67c0: ffff ff48 | bb00 0000 | 0000 0000 

  0x000001b9887b67cc: ;   {runtime_call}
  0x000001b9887b67cc: 00e9 fbff 

  0x000001b9887b67d0: ;   {static_stub}
  0x000001b9887b67d0: ffff 48bb | 20cd 438f | b901 0000 

  0x000001b9887b67dc: ;   {runtime_call I2C/C2I adapters}
  0x000001b9887b67dc: e9aa 48c3 

  0x000001b9887b67e0: ;   {runtime_call handle_exception_from_callee Runtime1 stub}
  0x000001b9887b67e0: ffe8 9a00 

  0x000001b9887b67e4: ;   {external_word}
  0x000001b9887b67e4: d0ff 48b9 | 0048 638b | fe7f 0000 | 4883 e4f0 

  0x000001b9887b67f4: ;   {runtime_call}
  0x000001b9887b67f4: 48b8 4024 | 2b8b fe7f | 0000 ffd0 

  0x000001b9887b6800: ;   {section_word}
  0x000001b9887b6800: f449 ba01 | 687b 88b9 | 0100 0041 

  0x000001b9887b680c: ;   {runtime_call DeoptimizationBlob}
  0x000001b9887b680c: 52e9 0e18 | c4ff f4f4 | f4f4 f4f4 
[/MachCode]


Compiled method (c1)    4744 1541       1       jdk.internal.loader.BuiltinClassLoader::defineClass (121 bytes)
 total in heap  [0x000001b9887b7690,0x000001b9887b85a0] = 3856
 relocation     [0x000001b9887b77f0,0x000001b9887b7938] = 328
 main code      [0x000001b9887b7940,0x000001b9887b8000] = 1728
 stub code      [0x000001b9887b8000,0x000001b9887b8120] = 288
 metadata       [0x000001b9887b8120,0x000001b9887b8168] = 72
 scopes data    [0x000001b9887b8168,0x000001b9887b83c0] = 600
 scopes pcs     [0x000001b9887b83c0,0x000001b9887b8560] = 416
 dependencies   [0x000001b9887b8560,0x000001b9887b8568] = 8
 handler table  [0x000001b9887b8568,0x000001b9887b8580] = 24
 nul chk table  [0x000001b9887b8580,0x000001b9887b85a0] = 32

[Constant Pool (empty)]

[MachCode]
[Entry Point]
  # {method} {0x000001b98f06a130} 'defineClass' '(Ljava/lang/String;Ljdk/internal/loader/Resource;)Ljava/lang/Class;' in 'jdk/internal/loader/BuiltinClassLoader'
  # this:     rdx:rdx   = 'jdk/internal/loader/BuiltinClassLoader'
  # parm0:    r8:r8     = 'java/lang/String'
  # parm1:    r9:r9     = 'jdk/internal/loader/Resource'
  #           [sp+0x110]  (sp of caller)
  0x000001b9887b7940: 448b 5208 | 49bb 0000 | 008f b901 | 0000 4d03 | d34c 3bd0 

  0x000001b9887b7954: ;   {runtime_call ic_miss_stub}
  0x000001b9887b7954: 0f85 2670 | c3ff 660f | 1f44 0000 
[Verified Entry Point]
  0x000001b9887b7960: 8984 2400 | 80ff ff55 | 4881 ec00 | 0100 0090 | 4181 7f20 | 0100 0000 

  0x000001b9887b7978: ;   {runtime_call StubRoutines (final stubs)}
  0x000001b9887b7978: 7405 e881 | e8c1 ff48 | 8994 24a0 | 0000 004c | 8984 2490 | 0000 004c | 898c 2498 | 0000 0049 
  0x000001b9887b7998: 8bd1 6666 | 9048 b860 | 6721 8fb9 

  0x000001b9887b79a4: ;   {virtual_call}
  0x000001b9887b79a4: 0100 00e8 

  0x000001b9887b79a8: ; ImmutableOopMap {[144]=Oop [152]=Oop [160]=Oop }
                      ;*invokevirtual getCodeSourceURL {reexecute=0 rethrow=0 return_oop=0}
                      ; - jdk.internal.loader.BuiltinClassLoader::defineClass@1 (line 842)
  0x000001b9887b79a8: f42f 0000 

  0x000001b9887b79ac: ;   {other}
  0x000001b9887b79ac: 0f1f 8400 | 1c03 0000 | 4889 8424 | a800 0000 | 4c8b 8424 | 9000 0000 

  0x000001b9887b79c4: ; implicit exception: dispatches to 0x000001b9887b7f02
  0x000001b9887b79c4: 418b 7014 

  0x000001b9887b79c8: ; implicit exception: dispatches to 0x000001b9887b7f07
  0x000001b9887b79c8: 8b56 0c45 | 0fbe 4810 | 498b c9c1 | e118 c1f9 | 18d3 fa48 | 8bfa ffcf | 4585 c9ba | 0000 0000 
  0x000001b9887b79e8: 7505 ba01 | 0000 0083 | e201 85d2 | 488b d641 | b82e 0000 | 004c 8bcf | 0f84 1300 

  0x000001b9887b7a04: ;   {static_call}
  0x000001b9887b7a04: 0000 90e8 

  0x000001b9887b7a08: ; ImmutableOopMap {[144]=Oop [152]=Oop [160]=Oop [168]=Oop }
                      ;*invokestatic lastIndexOf {reexecute=0 rethrow=0 return_oop=0}
                      ; - java.lang.String::lastIndexOf@13 (line 2573)
                      ; - java.lang.String::lastIndexOf@8 (line 2535)
                      ; - jdk.internal.loader.BuiltinClassLoader::defineClass@8 (line 845)
  0x000001b9887b7a08: 34de deff 

  0x000001b9887b7a0c: ;   {other}
  0x000001b9887b7a0c: 0f1f 8400 | 7c03 0001 | e913 0000 | 0066 0f1f 

  0x000001b9887b7a1c: ;   {static_call}
  0x000001b9887b7a1c: 4400 00e8 

  0x000001b9887b7a20: ; ImmutableOopMap {[144]=Oop [152]=Oop [160]=Oop [168]=Oop }
                      ;*invokestatic lastIndexOf {reexecute=0 rethrow=0 return_oop=0}
                      ; - java.lang.String::lastIndexOf@25 (line 2574)
                      ; - java.lang.String::lastIndexOf@8 (line 2535)
                      ; - jdk.internal.loader.BuiltinClassLoader::defineClass@8 (line 845)
  0x000001b9887b7a20: 5c7e c3ff 

  0x000001b9887b7a24: ;   {other}
  0x000001b9887b7a24: 0f1f 8400 | 9403 0002 | 83f8 ff0f | 847f 0000 | 0041 b800 | 0000 004c | 8bc8 488b | 9424 9000 
  0x000001b9887b7a44: ;   {optimized virtual_call}
  0x000001b9887b7a44: 0000 90e8 

  0x000001b9887b7a48: ; ImmutableOopMap {[144]=Oop [152]=Oop [160]=Oop [168]=Oop }
                      ;*invokevirtual substring {reexecute=0 rethrow=0 return_oop=0}
                      ; - jdk.internal.loader.BuiltinClassLoader::defineClass@23 (line 847)
  0x000001b9887b7a48: b4b8 ddff 

  0x000001b9887b7a4c: ;   {other}
  0x000001b9887b7a4c: 0f1f 8400 | bc03 0003 | 488b 9424 | 9800 0000 | 4889 8424 | b000 0000 | 9048 b860 | 6721 8fb9 
  0x000001b9887b7a6c: ;   {virtual_call}
  0x000001b9887b7a6c: 0100 00e8 

  0x000001b9887b7a70: ; ImmutableOopMap {[144]=Oop [152]=Oop [160]=Oop [168]=Oop [176]=Oop }
                      ;*invokevirtual getManifest {reexecute=0 rethrow=0 return_oop=0}
                      ; - jdk.internal.loader.BuiltinClassLoader::defineClass@29 (line 848)
  0x000001b9887b7a70: 2c36 0000 

  0x000001b9887b7a74: ;   {other}
  0x000001b9887b7a74: 0f1f 8400 | e403 0004 | 4c8b 8424 | b000 0000 | 4c8b c848 | 8bbc 24a8 | 0000 0048 | 8b94 24a0 
  0x000001b9887b7a94: 0000 0066 | 0f1f 4400 | 0048 b870 | a706 8fb9 

  0x000001b9887b7aa4: ;   {virtual_call}
  0x000001b9887b7aa4: 0100 00e8 

  0x000001b9887b7aa8: ; ImmutableOopMap {[144]=Oop [152]=Oop [160]=Oop [168]=Oop }
                      ;*invokevirtual defineOrCheckPackage {reexecute=0 rethrow=0 return_oop=0}
                      ; - jdk.internal.loader.BuiltinClassLoader::defineClass@40 (line 849)
  0x000001b9887b7aa8: 14f1 ffff 

  0x000001b9887b7aac: ;   {other}
  0x000001b9887b7aac: 0f1f 8400 | 1c04 0005 | 4c8b 8c24 | 9800 0000 | 488d 9424 | e000 0000 | 4c89 4a08 | 498b 0148 
  0x000001b9887b7acc: 83c8 0148 | 8902 f049 | 0fb1 110f | 8412 0000 | 0048 2bc4 | 4825 07f0 | ffff 4889 | 020f 851d 
  0x000001b9887b7aec: 0400 0049 | ff87 5005 | 0000 418b | 510c 4885 | d20f 8551 | 0000 0049 | 8bd1 0f1f | 8000 0000 
  0x000001b9887b7b0c: 0048 b8f0 | 3a49 d4b9 

  0x000001b9887b7b14: ;   {virtual_call}
  0x000001b9887b7b14: 0100 00e8 

  0x000001b9887b7b18: ; ImmutableOopMap {[144]=Oop [152]=Oop [160]=Oop [168]=Oop [232]=Oop }
                      ;*invokevirtual getInputStream {reexecute=0 rethrow=0 return_oop=0}
                      ; - jdk.internal.loader.Resource::cachedInputStream@9 (line 77)
                      ; - jdk.internal.loader.Resource::getByteBuffer@1 (line 163)
                      ; - jdk.internal.loader.BuiltinClassLoader::defineClass@45 (line 853)
  0x000001b9887b7b18: 35c3 c3ff 

  0x000001b9887b7b1c: ;   {other}
  0x000001b9887b7b1c: 0f1f 8400 | 8c04 0006 | 410f be57 | 4085 d24c | 8b8c 2498 | 0000 000f | 85e6 0300 | 004c 8bd0 
  0x000001b9887b7b3c: 4589 510c | 498b d148 | 33d0 48c1 | ea14 4883 | fa00 0f85 | e703 0000 | 418b 510c | 488d 8424 
  0x000001b9887b7b5c: e000 0000 | 488b 3048 | 85f6 0f84 | 0f00 0000 | 488b 7808 | f048 0fb1 | 370f 85d8 | 0300 0049 
  0x000001b9887b7b7c: ff8f 5005 | 0000 4885 | d20f 8443 

  0x000001b9887b7b88: ;   {metadata('sun/nio/ByteBuffered')}
  0x000001b9887b7b88: 0000 0048 | b8e8 e436 | 8fb9 0100 | 008b 5a08 | 49ba 0000 | 008f b901 | 0000 4903 | da48 3b43 
  0x000001b9887b7ba8: 200f 8424 | 0000 0048 | 3bd8 0f84 | 1b00 0000 

  0x000001b9887b7bb8: ;   {runtime_call slow_subtype_check Runtime1 stub}
  0x000001b9887b7bb8: 5350 e8c1 | f8cf ff5b | 5b85 db0f | 8405 0000 | 00e9 0500 | 0000 4833 | f6eb 0a48 | be01 0000 
  0x000001b9887b7bd8: 0000 0000 | 0085 f60f | 846c 0000 | 0048 85d2 | 0f84 4300 

  0x000001b9887b7bec: ;   {metadata('sun/nio/ByteBuffered')}
  0x000001b9887b7bec: 0000 48bb | e8e4 368f | b901 0000 | 8b7a 0849 | ba00 0000 | 8fb9 0100 | 0049 03fa | 483b 5f20 
  0x000001b9887b7c0c: 0f84 1f00 | 0000 483b | fb0f 8416 | 0000 0057 

  0x000001b9887b7c1c: ;   {runtime_call slow_subtype_check Runtime1 stub}
  0x000001b9887b7c1c: 53e8 5ef8 | cfff 5f5f | 85ff 0f84 | 3d03 0000 | e900 0000 | 000f 1f40 | 0048 b8ff | ffff ffff 
  0x000001b9887b7c3c: ;   {virtual_call}
  0x000001b9887b7c3c: ffff ffe8 

  0x000001b9887b7c40: ; ImmutableOopMap {[144]=Oop [152]=Oop [160]=Oop [168]=Oop }
                      ;*invokeinterface getByteBuffer {reexecute=0 rethrow=0 return_oop=0}
                      ; - jdk.internal.loader.Resource::getByteBuffer@16 (line 165)
                      ; - jdk.internal.loader.BuiltinClassLoader::defineClass@45 (line 853)
  0x000001b9887b7c40: 3c77 c3ff 

  0x000001b9887b7c44: ;   {other}
  0x000001b9887b7c44: 0f1f 8400 | b405 0007 | e90a 0000 

  0x000001b9887b7c50: ;   {oop(nullptr)}
  0x000001b9887b7c50: 0048 b800 | 0000 0000 | 0000 0048 | 85c0 0f84 | 0601 0000 | 4889 8424 | b800 0000 | 488b 9424 
  0x000001b9887b7c70: 9800 0000 | 9048 b8ff | ffff ffff 

  0x000001b9887b7c7c: ;   {virtual_call}
  0x000001b9887b7c7c: ffff ffe8 

  0x000001b9887b7c80: ; ImmutableOopMap {[144]=Oop [160]=Oop [168]=Oop [184]=Oop }
                      ;*invokevirtual getCodeSigners {reexecute=0 rethrow=0 return_oop=0}
                      ; - jdk.internal.loader.BuiltinClassLoader::defineClass@56 (line 855)
  0x000001b9887b7c80: fc76 c3ff 

  0x000001b9887b7c84: ;   {other}
  0x000001b9887b7c84: 0f1f 8400 | f405 0008 

  0x000001b9887b7c8c: ;   {metadata('java/security/CodeSource')}
  0x000001b9887b7c8c: 4c8b c848 | ba70 5d00 | 8fb9 0100 | 0049 8b87 | b801 0000 | 488d 7828 | 493b bfc8 | 0100 000f 
  0x000001b9887b7cac: 87c1 0200 | 0049 89bf | b801 0000 | 48c7 0001 | 0000 0048 | 8bca 49ba | 0000 008f | b901 0000 
  0x000001b9887b7ccc: 492b ca89 | 4808 4833 | c989 480c | 4833 c948 | 8948 1048 | 8948 1848 | 8948 204c | 8b84 24a8 
  0x000001b9887b7cec: 0000 0048 | 8bd0 4889 | 8424 c000 | 0000 0f1f 

  0x000001b9887b7cfc: ;   {optimized virtual_call}
  0x000001b9887b7cfc: 4400 00e8 

  0x000001b9887b7d00: ; ImmutableOopMap {[144]=Oop [160]=Oop [184]=Oop [192]=Oop }
                      ;*invokespecial <init> {reexecute=0 rethrow=0 return_oop=0}
                      ; - jdk.internal.loader.BuiltinClassLoader::defineClass@68 (line 856)
  0x000001b9887b7d00: 7c71 c3ff 

  0x000001b9887b7d04: ;   {other}
  0x000001b9887b7d04: 0f1f 8400 | 7406 0009 | 4c8b 8424 | c000 0000 | 488b 9424 | a000 0000 

  0x000001b9887b7d1c: ;   {optimized virtual_call}
  0x000001b9887b7d1c: 6666 90e8 

  0x000001b9887b7d20: ; ImmutableOopMap {[144]=Oop [160]=Oop [184]=Oop }
                      ;*invokevirtual getProtectionDomain {reexecute=0 rethrow=0 return_oop=0}
                      ; - java.security.SecureClassLoader::defineClass@5 (line 182)
                      ; - jdk.internal.loader.BuiltinClassLoader::defineClass@79 (line 857)
  0x000001b9887b7d20: 5c71 c3ff 

  0x000001b9887b7d24: ;   {other}
  0x000001b9887b7d24: 0f1f 8400 | 9406 000a | 4c8b 8424 | 9000 0000 | 4c8b 8c24 | b800 0000 | 488b f848 | 8b94 24a0 
  0x000001b9887b7d44: ;   {optimized virtual_call}
  0x000001b9887b7d44: 0000 00e8 

  0x000001b9887b7d48: ; ImmutableOopMap {}
                      ;*invokevirtual defineClass {reexecute=0 rethrow=0 return_oop=0}
                      ; - java.security.SecureClassLoader::defineClass@8 (line 182)
                      ; - jdk.internal.loader.BuiltinClassLoader::defineClass@79 (line 857)
  0x000001b9887b7d48: 3471 c3ff 

  0x000001b9887b7d4c: ;   {other}
  0x000001b9887b7d4c: 0f1f 8400 | bc06 000b | 4881 c400 | 0100 005d 

  0x000001b9887b7d5c: ;   {poll_return}
  0x000001b9887b7d5c: 493b a750 | 0400 000f | 8716 0200 | 00c3 4c8b | 8c24 9800 | 0000 498b | d148 b8c0 | 3149 d4b9 
  0x000001b9887b7d7c: ;   {virtual_call}
  0x000001b9887b7d7c: 0100 00e8 

  0x000001b9887b7d80: ; ImmutableOopMap {[144]=Oop [152]=Oop [160]=Oop [168]=Oop }
                      ;*invokevirtual getBytes {reexecute=0 rethrow=0 return_oop=0}
                      ; - jdk.internal.loader.BuiltinClassLoader::defineClass@84 (line 859)
  0x000001b9887b7d80: cdc0 c3ff 

  0x000001b9887b7d84: ;   {other}
  0x000001b9887b7d84: 0f1f 8400 | f406 000c | 4889 8424 | c800 0000 | 488b 9424 | 9800 0000 | 9048 b860 | 6721 8fb9 
  0x000001b9887b7da4: ;   {virtual_call}
  0x000001b9887b7da4: 0100 00e8 

  0x000001b9887b7da8: ; ImmutableOopMap {[144]=Oop [160]=Oop [168]=Oop [200]=Oop }
                      ;*invokevirtual getCodeSigners {reexecute=0 rethrow=0 return_oop=0}
                      ; - jdk.internal.loader.BuiltinClassLoader::defineClass@90 (line 860)
  0x000001b9887b7da8: 144c 0000 

  0x000001b9887b7dac: ;   {other}
  0x000001b9887b7dac: 0f1f 8400 | 1c07 000d 

  0x000001b9887b7db4: ;   {metadata('java/security/CodeSource')}
  0x000001b9887b7db4: 4c8b c848 | ba70 5d00 | 8fb9 0100 | 0049 8b87 | b801 0000 | 488d 7828 | 493b bfc8 | 0100 000f 
  0x000001b9887b7dd4: 87bc 0100 | 0049 89bf | b801 0000 | 48c7 0001 | 0000 0048 | 8bca 49ba | 0000 008f | b901 0000 
  0x000001b9887b7df4: 492b ca89 | 4808 4833 | c989 480c | 4833 c948 | 8948 1048 | 8948 1848 | 8948 204c | 8b84 24a8 
  0x000001b9887b7e14: 0000 0048 | 8bd0 4889 | 8424 d000 | 0000 0f1f 

  0x000001b9887b7e24: ;   {optimized virtual_call}
  0x000001b9887b7e24: 4400 00e8 

  0x000001b9887b7e28: ; ImmutableOopMap {[144]=Oop [160]=Oop [200]=Oop [208]=Oop }
                      ;*invokespecial <init> {reexecute=0 rethrow=0 return_oop=0}
                      ; - jdk.internal.loader.BuiltinClassLoader::defineClass@102 (line 861)
  0x000001b9887b7e28: 54de ffff 

  0x000001b9887b7e2c: ;   {other}
  0x000001b9887b7e2c: 0f1f 8400 | 9c07 000e | 488b 8424 | c800 0000 

  0x000001b9887b7e3c: ; implicit exception: dispatches to 0x000001b9887b7fa2
  0x000001b9887b7e3c: 8b70 0c4c | 8b84 24d0 | 0000 0048 | 8b94 24a0 | 0000 0089 | b424 d800 

  0x000001b9887b7e54: ;   {optimized virtual_call}
  0x000001b9887b7e54: 0000 90e8 

  0x000001b9887b7e58: ; ImmutableOopMap {[144]=Oop [160]=Oop [200]=Oop }
                      ;*invokevirtual getProtectionDomain {reexecute=0 rethrow=0 return_oop=0}
                      ; - java.security.SecureClassLoader::defineClass@9 (line 150)
                      ; - jdk.internal.loader.BuiltinClassLoader::defineClass@117 (line 862)
  0x000001b9887b7e58: 24b4 ffff 

  0x000001b9887b7e5c: ;   {other}
  0x000001b9887b7e5c: 0f1f 8400 | cc07 000f | 4c8b 8424 | 9000 0000 | 4c8b 8c24 | c800 0000 | bf00 0000 | 008b b424 
  0x000001b9887b7e7c: d800 0000 | 488b c848 | 8b94 24a0 | 0000 000f 

  0x000001b9887b7e8c: ;   {optimized virtual_call}
  0x000001b9887b7e8c: 1f40 00e8 

  0x000001b9887b7e90: ; ImmutableOopMap {}
                      ;*invokevirtual defineClass {reexecute=0 rethrow=0 return_oop=0}
                      ; - java.security.SecureClassLoader::defineClass@12 (line 150)
                      ; - jdk.internal.loader.BuiltinClassLoader::defineClass@117 (line 862)
  0x000001b9887b7e90: 6ce7 ffff 

  0x000001b9887b7e94: ;   {other}
  0x000001b9887b7e94: 0f1f 8400 | 0408 0010 | 4881 c400 | 0100 005d 

  0x000001b9887b7ea4: ;   {poll_return}
  0x000001b9887b7ea4: 493b a750 | 0400 000f | 87f6 0000 | 00c3 498b | 8700 0500 | 004d 33d2 | 4d89 9700 | 0500 004d 
  0x000001b9887b7ec4: 33d2 4d89 | 9708 0500 | 0048 8bf0 | 488d 8424 | e000 0000 | 488b 3848 | 85ff 0f84 | 0f00 0000 
  0x000001b9887b7ee4: 488b 5808 | f048 0fb1 | 3b0f 85ca | 0000 0049 | ff8f 5005 | 0000 488b | c6e9 ee00 

  0x000001b9887b7f00: ;   {runtime_call throw_null_pointer_exception Runtime1 stub}
  0x000001b9887b7f00: 0000 e899 

  0x000001b9887b7f04: ; ImmutableOopMap {rax=Oop r8=Oop [144]=Oop [152]=Oop [160]=Oop [168]=Oop }
                      ;*invokevirtual lastIndexOf {reexecute=0 rethrow=0 return_oop=0}
                      ; - jdk.internal.loader.BuiltinClassLoader::defineClass@8 (line 845)
                      ;   {runtime_call throw_null_pointer_exception Runtime1 stub}
  0x000001b9887b7f04: c3cf ffe8 

  0x000001b9887b7f08: ; ImmutableOopMap {rax=Oop r8=Oop rsi=Oop [144]=Oop [152]=Oop [160]=Oop [168]=Oop }
                      ;*arraylength {reexecute=0 rethrow=0 return_oop=0}
                      ; - java.lang.String::length@4 (line 1519)
                      ; - java.lang.String::lastIndexOf@3 (line 2535)
                      ; - jdk.internal.loader.BuiltinClassLoader::defineClass@8 (line 845)
  0x000001b9887b7f08: 94c3 cfff | 4c89 4c24 | 0848 8914 

  0x000001b9887b7f14: ;   {runtime_call monitorenter_nofpu Runtime1 stub}
  0x000001b9887b7f14: 24e8 e6fb 

  0x000001b9887b7f18: ; ImmutableOopMap {r9=Oop [144]=Oop [152]=Oop [160]=Oop [168]=Oop [232]=Oop }
                      ;*synchronization entry
                      ; - jdk.internal.loader.Resource::cachedInputStream@-1 (line 76)
                      ; - jdk.internal.loader.Resource::getByteBuffer@1 (line 163)
                      ; - jdk.internal.loader.BuiltinClassLoader::defineClass@45 (line 853)
  0x000001b9887b7f18: cfff e9d7 | fbff ff41 | 8b51 0c48 | 83fa 000f | 840c fcff | ff48 8914 

  0x000001b9887b7f30: ;   {runtime_call g1_pre_barrier_slow}
  0x000001b9887b7f30: 24e8 ca32 | d0ff e9fe | fbff ff48 | 83f8 000f | 840f fcff | ff4c 890c 

  0x000001b9887b7f48: ;   {runtime_call g1_post_barrier_slow}
  0x000001b9887b7f48: 24e8 3236 | d0ff e901 | fcff ff48 | 8d84 24e0 | 0000 0048 

  0x000001b9887b7f5c: ;   {runtime_call monitorexit_nofpu Runtime1 stub}
  0x000001b9887b7f5c: 8904 24e8 | 1c02 d0ff | e919 fcff | ff48 8914 

  0x000001b9887b7f6c: ;   {runtime_call throw_class_cast_exception Runtime1 stub}
  0x000001b9887b7f6c: 24e8 2eef 

  0x000001b9887b7f70: ; ImmutableOopMap {[144]=Oop [152]=Oop [160]=Oop [168]=Oop }
                      ;*checkcast {reexecute=0 rethrow=0 return_oop=0}
                      ; - jdk.internal.loader.Resource::getByteBuffer@13 (line 165)
                      ; - jdk.internal.loader.BuiltinClassLoader::defineClass@45 (line 853)
  0x000001b9887b7f70: cfff 488b 

  0x000001b9887b7f74: ;   {runtime_call fast_new_instance Runtime1 stub}
  0x000001b9887b7f74: d2e8 06ce 

  0x000001b9887b7f78: ; ImmutableOopMap {r9=Oop [144]=Oop [160]=Oop [168]=Oop [184]=Oop }
                      ;*new {reexecute=0 rethrow=0 return_oop=0}
                      ; - jdk.internal.loader.BuiltinClassLoader::defineClass@61 (line 856)
  0x000001b9887b7f78: cfff e968 

  0x000001b9887b7f7c: ;   {internal_word}
  0x000001b9887b7f7c: fdff ff49 | ba5c 7d7b | 88b9 0100 | 004d 8997 | 6804 0000 

  0x000001b9887b7f90: ;   {runtime_call SafepointBlob}
  0x000001b9887b7f90: e9eb ebc3 | ff48 8bd2 

  0x000001b9887b7f98: ;   {runtime_call fast_new_instance Runtime1 stub}
  0x000001b9887b7f98: e8e3 cdcf 

  0x000001b9887b7f9c: ; ImmutableOopMap {r9=Oop [144]=Oop [160]=Oop [168]=Oop [200]=Oop }
                      ;*new {reexecute=0 rethrow=0 return_oop=0}
                      ; - jdk.internal.loader.BuiltinClassLoader::defineClass@95 (line 861)
  0x000001b9887b7f9c: ffe9 6dfe 

  0x000001b9887b7fa0: ;   {runtime_call throw_null_pointer_exception Runtime1 stub}
  0x000001b9887b7fa0: ffff e8f9 

  0x000001b9887b7fa4: ; ImmutableOopMap {rax=Oop [144]=Oop [160]=Oop [200]=Oop [208]=Oop }
                      ;*arraylength {reexecute=0 rethrow=0 return_oop=0}
                      ; - jdk.internal.loader.BuiltinClassLoader::defineClass@114 (line 862)
                      ;   {internal_word}
  0x000001b9887b7fa4: c2cf ff49 | baa4 7e7b | 88b9 0100 | 004d 8997 | 6804 0000 

  0x000001b9887b7fb8: ;   {runtime_call SafepointBlob}
  0x000001b9887b7fb8: e9c3 ebc3 | ff48 8d84 | 24e0 0000 | 0048 8904 

  0x000001b9887b7fc8: ;   {runtime_call monitorexit_nofpu Runtime1 stub}
  0x000001b9887b7fc8: 24e8 b201 | d0ff e927 | ffff ff49 | 8b87 0005 | 0000 49c7 | 8700 0500 | 0000 0000 | 0049 c787 
  0x000001b9887b7fe8: 0805 0000 | 0000 0000 | 4881 c400 | 0100 005d 

  0x000001b9887b7ff8: ;   {runtime_call unwind_exception Runtime1 stub}
  0x000001b9887b7ff8: e983 adcf | fff4 f4f4 
[Stub Code]
  0x000001b9887b8000: ;   {no_reloc}
  0x000001b9887b8000: 0f1f 4400 

  0x000001b9887b8004: ;   {static_stub}
  0x000001b9887b8004: 0048 bb00 | 0000 0000 

  0x000001b9887b800c: ;   {runtime_call}
  0x000001b9887b800c: 0000 00e9 | fbff ffff 

  0x000001b9887b8014: ;   {static_stub}
  0x000001b9887b8014: 9048 bb00 | 0000 0000 

  0x000001b9887b801c: ;   {runtime_call}
  0x000001b9887b801c: 0000 00e9 | fbff ffff 

  0x000001b9887b8024: ;   {static_stub}
  0x000001b9887b8024: 9048 bb00 | 0000 0000 

  0x000001b9887b802c: ;   {runtime_call}
  0x000001b9887b802c: 0000 00e9 | fbff ffff 

  0x000001b9887b8034: ;   {static_stub}
  0x000001b9887b8034: 9048 bb00 | 0000 0000 

  0x000001b9887b803c: ;   {runtime_call}
  0x000001b9887b803c: 0000 00e9 | fbff ffff 

  0x000001b9887b8044: ;   {static_stub}
  0x000001b9887b8044: 9048 bb00 | 0000 0000 

  0x000001b9887b804c: ;   {runtime_call}
  0x000001b9887b804c: 0000 00e9 | fbff ffff 

  0x000001b9887b8054: ;   {static_stub}
  0x000001b9887b8054: 9048 bb00 | 0000 0000 

  0x000001b9887b805c: ;   {runtime_call}
  0x000001b9887b805c: 0000 00e9 | fbff ffff 

  0x000001b9887b8064: ;   {static_stub}
  0x000001b9887b8064: 9048 bb00 | 0000 0000 

  0x000001b9887b806c: ;   {runtime_call}
  0x000001b9887b806c: 0000 00e9 | fbff ffff 

  0x000001b9887b8074: ;   {static_stub}
  0x000001b9887b8074: 9048 bb00 | 0000 0000 

  0x000001b9887b807c: ;   {runtime_call}
  0x000001b9887b807c: 0000 00e9 | fbff ffff 

  0x000001b9887b8084: ;   {static_stub}
  0x000001b9887b8084: 48bb 0000 | 0000 0000 

  0x000001b9887b808c: ;   {runtime_call}
  0x000001b9887b808c: 0000 e9fb 

  0x000001b9887b8090: ;   {static_stub}
  0x000001b9887b8090: ffff ff48 | bb00 0000 | 0000 0000 

  0x000001b9887b809c: ;   {runtime_call}
  0x000001b9887b809c: 00e9 fbff 

  0x000001b9887b80a0: ;   {static_stub}
  0x000001b9887b80a0: ffff 48bb | 0000 0000 | 0000 0000 

  0x000001b9887b80ac: ;   {runtime_call}
  0x000001b9887b80ac: e9fb ffff 

  0x000001b9887b80b0: ;   {static_stub}
  0x000001b9887b80b0: ff48 bb00 | 0000 0000 

  0x000001b9887b80b8: ;   {runtime_call}
  0x000001b9887b80b8: 0000 00e9 | fbff ffff 

  0x000001b9887b80c0: ;   {static_stub}
  0x000001b9887b80c0: 48bb 0000 | 0000 0000 

  0x000001b9887b80c8: ;   {runtime_call}
  0x000001b9887b80c8: 0000 e9fb 

  0x000001b9887b80cc: ;   {static_stub}
  0x000001b9887b80cc: ffff ff48 | bb00 0000 | 0000 0000 

  0x000001b9887b80d8: ;   {runtime_call}
  0x000001b9887b80d8: 00e9 fbff 

  0x000001b9887b80dc: ;   {static_stub}
  0x000001b9887b80dc: ffff 48bb | 0000 0000 | 0000 0000 

  0x000001b9887b80e8: ;   {runtime_call}
  0x000001b9887b80e8: e9fb ffff 

  0x000001b9887b80ec: ;   {runtime_call handle_exception_from_callee Runtime1 stub}
  0x000001b9887b80ec: ffe8 8ee7 

  0x000001b9887b80f0: ;   {external_word}
  0x000001b9887b80f0: cfff 48b9 | 0048 638b | fe7f 0000 | 4883 e4f0 

  0x000001b9887b8100: ;   {runtime_call}
  0x000001b9887b8100: 48b8 4024 | 2b8b fe7f | 0000 ffd0 

  0x000001b9887b810c: ;   {section_word}
  0x000001b9887b810c: f449 ba0d | 817b 88b9 | 0100 0041 

  0x000001b9887b8118: ;   {runtime_call DeoptimizationBlob}
  0x000001b9887b8118: 52e9 02ff | c3ff f4f4 
[/MachCode]


---------------  P R O C E S S  ---------------

Threads class SMR info:
_java_thread_list=0x000001b9d440b750, length=16, elements={
0x000001b9fd8ef910, 0x000001b98e639b20, 0x000001b98e63c840, 0x000001b98e644520,
0x000001b98e645390, 0x000001b98e64a1d0, 0x000001b98e64bc10, 0x000001b98e657240,
0x000001b98e648e20, 0x000001b98e879480, 0x000001b98e6494b0, 0x000001b98e64b580,
0x000001b98e64c2a0, 0x000001b98e649b40, 0x000001b98e64a860, 0x000001b98e64aef0
}

Java Threads: ( => current thread )
=>0x000001b9fd8ef910 JavaThread "main"                              [_thread_in_vm, id=21136, stack(0x000000a30d800000,0x000000a30d900000) (1024K)]
  0x000001b98e639b20 JavaThread "Reference Handler"          daemon [_thread_blocked, id=15416, stack(0x000000a30e000000,0x000000a30e100000) (1024K)]
  0x000001b98e63c840 JavaThread "Finalizer"                  daemon [_thread_blocked, id=18512, stack(0x000000a30e100000,0x000000a30e200000) (1024K)]
  0x000001b98e644520 JavaThread "Signal Dispatcher"          daemon [_thread_blocked, id=5208, stack(0x000000a30e200000,0x000000a30e300000) (1024K)]
  0x000001b98e645390 JavaThread "Attach Listener"            daemon [_thread_blocked, id=6960, stack(0x000000a30e300000,0x000000a30e400000) (1024K)]
  0x000001b98e64a1d0 JavaThread "Service Thread"             daemon [_thread_blocked, id=18524, stack(0x000000a30e400000,0x000000a30e500000) (1024K)]
  0x000001b98e64bc10 JavaThread "Monitor Deflation Thread"   daemon [_thread_blocked, id=4884, stack(0x000000a30e500000,0x000000a30e600000) (1024K)]
  0x000001b98e657240 JavaThread "C1 CompilerThread0"         daemon [_thread_blocked, id=18564, stack(0x000000a30e600000,0x000000a30e700000) (1024K)]
  0x000001b98e648e20 JavaThread "Common-Cleaner"             daemon [_thread_blocked, id=17144, stack(0x000000a30e700000,0x000000a30e800000) (1024K)]
  0x000001b98e879480 JavaThread "C1 CompilerThread1"         daemon [_thread_blocked, id=21640, stack(0x000000a30e800000,0x000000a30e900000) (1024K)]
  0x000001b98e6494b0 JavaThread "Monitor Ctrl-Break"         daemon [_thread_in_native, id=10448, stack(0x000000a30ea00000,0x000000a30eb00000) (1024K)]
  0x000001b98e64b580 JavaThread "Notification Thread"        daemon [_thread_blocked, id=8572, stack(0x000000a30eb00000,0x000000a30ec00000) (1024K)]
  0x000001b98e64c2a0 JavaThread "RMI TCP Accept-0"           daemon [_thread_in_native, id=13904, stack(0x000000a30ee00000,0x000000a30ef00000) (1024K)]
  0x000001b98e649b40 JavaThread "RMI TCP Connection(1)-192.168.1.11" daemon [_thread_in_native, id=10316, stack(0x000000a30ef00000,0x000000a30f000000) (1024K)]
  0x000001b98e64a860 JavaThread "RMI Scheduler(0)"           daemon [_thread_blocked, id=17996, stack(0x000000a30f000000,0x000000a30f100000) (1024K)]
  0x000001b98e64aef0 JavaThread "JMX server connection timeout 28" daemon [_thread_blocked, id=9508, stack(0x000000a30f100000,0x000000a30f200000) (1024K)]
Total: 16

Other Threads:
  0x000001b98e616280 VMThread "VM Thread"                           [id=14952, stack(0x000000a30df00000,0x000000a30e000000) (1024K)]
  0x000001b98e60b220 WatcherThread "VM Periodic Task Thread"        [id=9396, stack(0x000000a30de00000,0x000000a30df00000) (1024K)]
  0x000001b9ffbf9b70 WorkerThread "GC Thread#0"                     [id=15644, stack(0x000000a30d900000,0x000000a30da00000) (1024K)]
  0x000001b9d41ea560 WorkerThread "GC Thread#1"                     [id=19808, stack(0x000000a30e900000,0x000000a30ea00000) (1024K)]
  0x000001b9d42011e0 WorkerThread "GC Thread#2"                     [id=12332, stack(0x000000a30ec00000,0x000000a30ed00000) (1024K)]
  0x000001b9d4201580 WorkerThread "GC Thread#3"                     [id=4972, stack(0x000000a30ed00000,0x000000a30ee00000) (1024K)]
  0x000001b9ffc023a0 ConcurrentGCThread "G1 Main Marker"            [id=21444, stack(0x000000a30da00000,0x000000a30db00000) (1024K)]
  0x000001b9ffc035c0 WorkerThread "G1 Conc#0"                       [id=13092, stack(0x000000a30db00000,0x000000a30dc00000) (1024K)]
  0x000001b9ffc5c7b0 ConcurrentGCThread "G1 Refine#0"               [id=4760, stack(0x000000a30dc00000,0x000000a30dd00000) (1024K)]
  0x000001b9ffc5d0d0 ConcurrentGCThread "G1 Service"                [id=6292, stack(0x000000a30dd00000,0x000000a30de00000) (1024K)]
Total: 10

Threads with active compile tasks:
Total: 0

VM state: not at safepoint (normal execution)

VM Mutex/Monitor currently owned by a thread:  ([mutex/lock_event])
[0x00007ffe8b8cace8] Metaspace_lock - owner thread: 0x000001b9fd8ef910

Heap address: 0x00000000c3600000, size: 970 MB, Compressed Oops mode: 32-bit

CDS archive(s) mapped at: [0x000001b98f000000-0x000001b98fc90000-0x000001b98fc90000), size 13172736, SharedBaseAddress: 0x000001b98f000000, ArchiveRelocationMode: 1.
Compressed class space mapped at: 0x000001b990000000-0x000001b9d0000000, reserved size: 1073741824
Narrow klass base: 0x000001b98f000000, Narrow klass shift: 0, Narrow klass range: 0x100000000

GC Precious Log:
 CardTable entry size: 512
 Card Set container configuration: InlinePtr #cards 5 size 8 Array Of Cards #cards 12 size 40 Howl #buckets 4 coarsen threshold 1843 Howl Bitmap #cards 512 size 80 coarsen threshold 460 Card regions per heap region 1 cards per card region 2048
 CPUs: 4 total, 4 available
 Memory: 3879M
 Large Page Support: Disabled
 NUMA Support: Disabled
 Compressed Oops: Enabled (32-bit)
 Heap Region Size: 1M
 Heap Min Capacity: 8M
 Heap Initial Capacity: 62M
 Heap Max Capacity: 970M
 Pre-touch: Disabled
 Parallel Workers: 4
 Concurrent Workers: 1
 Concurrent Refinement Workers: 4
 Periodic GC: Disabled

Heap:
 garbage-first heap   total 63488K, used 10089K [0x00000000c3600000, 0x0000000100000000)
  region size 1024K, 4 young (4096K), 2 survivors (2048K)
 Metaspace       used 8296K, committed 8576K, reserved 1114112K
  class space    used 1027K, committed 1152K, reserved 1048576K

Heap Regions: E=young(eden), S=young(survivor), O=old, HS=humongous(starts), HC=humongous(continues), CS=collection set, F=free, TAMS=top-at-mark-start, PB=parsable bottom
|   0|0x00000000c3600000, 0x00000000c3700000, 0x00000000c3700000|100%|HS|  |TAMS 0x00000000c3600000| PB 0x00000000c3600000| Complete 
|   1|0x00000000c3700000, 0x00000000c3800000, 0x00000000c3800000|100%|HS|  |TAMS 0x00000000c3700000| PB 0x00000000c3700000| Complete 
|   2|0x00000000c3800000, 0x00000000c3900000, 0x00000000c3900000|100%| O|  |TAMS 0x00000000c3800000| PB 0x00000000c3800000| Untracked 
|   3|0x00000000c3900000, 0x00000000c3a00000, 0x00000000c3a00000|100%| O|  |TAMS 0x00000000c3900000| PB 0x00000000c3900000| Untracked 
|   4|0x00000000c3a00000, 0x00000000c3b00000, 0x00000000c3b00000|100%| O|  |TAMS 0x00000000c3a00000| PB 0x00000000c3a00000| Untracked 
|   5|0x00000000c3b00000, 0x00000000c3c00000, 0x00000000c3c00000|100%| O|  |TAMS 0x00000000c3b00000| PB 0x00000000c3b00000| Untracked 
|   6|0x00000000c3c00000, 0x00000000c3d00000, 0x00000000c3d00000|100%| O|  |TAMS 0x00000000c3c00000| PB 0x00000000c3c00000| Untracked 
|   7|0x00000000c3d00000, 0x00000000c3d97100, 0x00000000c3e00000| 59%| O|  |TAMS 0x00000000c3d00000| PB 0x00000000c3d00000| Untracked 
|   8|0x00000000c3e00000, 0x00000000c3e00000, 0x00000000c3f00000|  0%| F|  |TAMS 0x00000000c3e00000| PB 0x00000000c3e00000| Untracked 
|   9|0x00000000c3f00000, 0x00000000c3f00000, 0x00000000c4000000|  0%| F|  |TAMS 0x00000000c3f00000| PB 0x00000000c3f00000| Untracked 
|  10|0x00000000c4000000, 0x00000000c4000000, 0x00000000c4100000|  0%| F|  |TAMS 0x00000000c4000000| PB 0x00000000c4000000| Untracked 
|  11|0x00000000c4100000, 0x00000000c4100000, 0x00000000c4200000|  0%| F|  |TAMS 0x00000000c4100000| PB 0x00000000c4100000| Untracked 
|  12|0x00000000c4200000, 0x00000000c4200000, 0x00000000c4300000|  0%| F|  |TAMS 0x00000000c4200000| PB 0x00000000c4200000| Untracked 
|  13|0x00000000c4300000, 0x00000000c4300000, 0x00000000c4400000|  0%| F|  |TAMS 0x00000000c4300000| PB 0x00000000c4300000| Untracked 
|  14|0x00000000c4400000, 0x00000000c4400000, 0x00000000c4500000|  0%| F|  |TAMS 0x00000000c4400000| PB 0x00000000c4400000| Untracked 
|  15|0x00000000c4500000, 0x00000000c4500000, 0x00000000c4600000|  0%| F|  |TAMS 0x00000000c4500000| PB 0x00000000c4500000| Untracked 
|  16|0x00000000c4600000, 0x00000000c4600000, 0x00000000c4700000|  0%| F|  |TAMS 0x00000000c4600000| PB 0x00000000c4600000| Untracked 
|  17|0x00000000c4700000, 0x00000000c4700000, 0x00000000c4800000|  0%| F|  |TAMS 0x00000000c4700000| PB 0x00000000c4700000| Untracked 
|  18|0x00000000c4800000, 0x00000000c4800000, 0x00000000c4900000|  0%| F|  |TAMS 0x00000000c4800000| PB 0x00000000c4800000| Untracked 
|  19|0x00000000c4900000, 0x00000000c4900000, 0x00000000c4a00000|  0%| F|  |TAMS 0x00000000c4900000| PB 0x00000000c4900000| Untracked 
|  20|0x00000000c4a00000, 0x00000000c4a00000, 0x00000000c4b00000|  0%| F|  |TAMS 0x00000000c4a00000| PB 0x00000000c4a00000| Untracked 
|  21|0x00000000c4b00000, 0x00000000c4b00000, 0x00000000c4c00000|  0%| F|  |TAMS 0x00000000c4b00000| PB 0x00000000c4b00000| Untracked 
|  22|0x00000000c4c00000, 0x00000000c4c00000, 0x00000000c4d00000|  0%| F|  |TAMS 0x00000000c4c00000| PB 0x00000000c4c00000| Untracked 
|  23|0x00000000c4d00000, 0x00000000c4d00000, 0x00000000c4e00000|  0%| F|  |TAMS 0x00000000c4d00000| PB 0x00000000c4d00000| Untracked 
|  24|0x00000000c4e00000, 0x00000000c4e00000, 0x00000000c4f00000|  0%| F|  |TAMS 0x00000000c4e00000| PB 0x00000000c4e00000| Untracked 
|  25|0x00000000c4f00000, 0x00000000c4f00000, 0x00000000c5000000|  0%| F|  |TAMS 0x00000000c4f00000| PB 0x00000000c4f00000| Untracked 
|  26|0x00000000c5000000, 0x00000000c5000000, 0x00000000c5100000|  0%| F|  |TAMS 0x00000000c5000000| PB 0x00000000c5000000| Untracked 
|  27|0x00000000c5100000, 0x00000000c5100000, 0x00000000c5200000|  0%| F|  |TAMS 0x00000000c5100000| PB 0x00000000c5100000| Untracked 
|  28|0x00000000c5200000, 0x00000000c5200000, 0x00000000c5300000|  0%| F|  |TAMS 0x00000000c5200000| PB 0x00000000c5200000| Untracked 
|  29|0x00000000c5300000, 0x00000000c5300000, 0x00000000c5400000|  0%| F|  |TAMS 0x00000000c5300000| PB 0x00000000c5300000| Untracked 
|  30|0x00000000c5400000, 0x00000000c5400000, 0x00000000c5500000|  0%| F|  |TAMS 0x00000000c5400000| PB 0x00000000c5400000| Untracked 
|  31|0x00000000c5500000, 0x00000000c5500000, 0x00000000c5600000|  0%| F|  |TAMS 0x00000000c5500000| PB 0x00000000c5500000| Untracked 
|  32|0x00000000c5600000, 0x00000000c5600000, 0x00000000c5700000|  0%| F|  |TAMS 0x00000000c5600000| PB 0x00000000c5600000| Untracked 
|  33|0x00000000c5700000, 0x00000000c5700000, 0x00000000c5800000|  0%| F|  |TAMS 0x00000000c5700000| PB 0x00000000c5700000| Untracked 
|  34|0x00000000c5800000, 0x00000000c5800000, 0x00000000c5900000|  0%| F|  |TAMS 0x00000000c5800000| PB 0x00000000c5800000| Untracked 
|  35|0x00000000c5900000, 0x00000000c5900000, 0x00000000c5a00000|  0%| F|  |TAMS 0x00000000c5900000| PB 0x00000000c5900000| Untracked 
|  36|0x00000000c5a00000, 0x00000000c5a00000, 0x00000000c5b00000|  0%| F|  |TAMS 0x00000000c5a00000| PB 0x00000000c5a00000| Untracked 
|  37|0x00000000c5b00000, 0x00000000c5b00000, 0x00000000c5c00000|  0%| F|  |TAMS 0x00000000c5b00000| PB 0x00000000c5b00000| Untracked 
|  38|0x00000000c5c00000, 0x00000000c5c00000, 0x00000000c5d00000|  0%| F|  |TAMS 0x00000000c5c00000| PB 0x00000000c5c00000| Untracked 
|  39|0x00000000c5d00000, 0x00000000c5d00000, 0x00000000c5e00000|  0%| F|  |TAMS 0x00000000c5d00000| PB 0x00000000c5d00000| Untracked 
|  40|0x00000000c5e00000, 0x00000000c5e00000, 0x00000000c5f00000|  0%| F|  |TAMS 0x00000000c5e00000| PB 0x00000000c5e00000| Untracked 
|  41|0x00000000c5f00000, 0x00000000c5f00000, 0x00000000c6000000|  0%| F|  |TAMS 0x00000000c5f00000| PB 0x00000000c5f00000| Untracked 
|  42|0x00000000c6000000, 0x00000000c6000000, 0x00000000c6100000|  0%| F|  |TAMS 0x00000000c6000000| PB 0x00000000c6000000| Untracked 
|  43|0x00000000c6100000, 0x00000000c6100000, 0x00000000c6200000|  0%| F|  |TAMS 0x00000000c6100000| PB 0x00000000c6100000| Untracked 
|  44|0x00000000c6200000, 0x00000000c6200000, 0x00000000c6300000|  0%| F|  |TAMS 0x00000000c6200000| PB 0x00000000c6200000| Untracked 
|  45|0x00000000c6300000, 0x00000000c6300000, 0x00000000c6400000|  0%| F|  |TAMS 0x00000000c6300000| PB 0x00000000c6300000| Untracked 
|  46|0x00000000c6400000, 0x00000000c6400000, 0x00000000c6500000|  0%| F|  |TAMS 0x00000000c6400000| PB 0x00000000c6400000| Untracked 
|  47|0x00000000c6500000, 0x00000000c6500000, 0x00000000c6600000|  0%| F|  |TAMS 0x00000000c6500000| PB 0x00000000c6500000| Untracked 
|  48|0x00000000c6600000, 0x00000000c6600000, 0x00000000c6700000|  0%| F|  |TAMS 0x00000000c6600000| PB 0x00000000c6600000| Untracked 
|  49|0x00000000c6700000, 0x00000000c67435c0, 0x00000000c6800000| 26%| S|CS|TAMS 0x00000000c6700000| PB 0x00000000c6700000| Complete 
|  50|0x00000000c6800000, 0x00000000c6900000, 0x00000000c6900000|100%| S|CS|TAMS 0x00000000c6800000| PB 0x00000000c6800000| Complete 
|  51|0x00000000c6900000, 0x00000000c6900000, 0x00000000c6a00000|  0%| F|  |TAMS 0x00000000c6900000| PB 0x00000000c6900000| Untracked 
|  52|0x00000000c6a00000, 0x00000000c6a00000, 0x00000000c6b00000|  0%| F|  |TAMS 0x00000000c6a00000| PB 0x00000000c6a00000| Untracked 
|  53|0x00000000c6b00000, 0x00000000c6b00000, 0x00000000c6c00000|  0%| F|  |TAMS 0x00000000c6b00000| PB 0x00000000c6b00000| Untracked 
|  54|0x00000000c6c00000, 0x00000000c6c00000, 0x00000000c6d00000|  0%| F|  |TAMS 0x00000000c6c00000| PB 0x00000000c6c00000| Untracked 
|  55|0x00000000c6d00000, 0x00000000c6d00000, 0x00000000c6e00000|  0%| F|  |TAMS 0x00000000c6d00000| PB 0x00000000c6d00000| Untracked 
|  56|0x00000000c6e00000, 0x00000000c6e00000, 0x00000000c6f00000|  0%| F|  |TAMS 0x00000000c6e00000| PB 0x00000000c6e00000| Untracked 
|  57|0x00000000c6f00000, 0x00000000c6f00000, 0x00000000c7000000|  0%| F|  |TAMS 0x00000000c6f00000| PB 0x00000000c6f00000| Untracked 
|  58|0x00000000c7000000, 0x00000000c7000000, 0x00000000c7100000|  0%| F|  |TAMS 0x00000000c7000000| PB 0x00000000c7000000| Untracked 
|  59|0x00000000c7100000, 0x00000000c7100000, 0x00000000c7200000|  0%| F|  |TAMS 0x00000000c7100000| PB 0x00000000c7100000| Untracked 
|  60|0x00000000c7200000, 0x00000000c72471a8, 0x00000000c7300000| 27%| E|  |TAMS 0x00000000c7200000| PB 0x00000000c7200000| Complete 
|  61|0x00000000c7300000, 0x00000000c7400000, 0x00000000c7400000|100%| E|CS|TAMS 0x00000000c7300000| PB 0x00000000c7300000| Complete 

Card table byte_map: [0x000001b9ffc80000,0x000001b9ffe70000] _byte_map_base: 0x000001b9ff665000

Marking Bits: (CMBitMap*) 0x000001b9ffbfa180
 Bits: [0x000001b98b3a0000, 0x000001b98c2c8000)

Polling page: 0x000001b9fdb30000

Metaspace:

Usage:
  Non-class:      7.10 MB used.
      Class:      1.00 MB used.
       Both:      8.10 MB used.

Virtual space:
  Non-class space:       64.00 MB reserved,       7.25 MB ( 11%) committed,  1 nodes.
      Class space:        1.00 GB reserved,       1.12 MB ( <1%) committed,  1 nodes.
             Both:        1.06 GB reserved,       8.38 MB ( <1%) committed. 

Chunk freelists:
   Non-Class:  8.30 MB
       Class:  14.91 MB
        Both:  23.21 MB

MaxMetaspaceSize: unlimited
CompressedClassSpaceSize: 1.00 GB
Initial GC threshold: 21.00 MB
Current GC threshold: 21.00 MB
CDS: on
 - commit_granule_bytes: 65536.
 - commit_granule_words: 8192.
 - virtual_space_node_default_size: 8388608.
 - enlarge_chunks_in_place: 1.
 - use_allocation_guard: 0.


Internal statistics:

num_allocs_failed_limit: 0.
num_arena_births: 302.
num_arena_deaths: 0.
num_vsnodes_births: 2.
num_vsnodes_deaths: 0.
num_space_committed: 134.
num_space_uncommitted: 0.
num_chunks_returned_to_freelist: 0.
num_chunks_taken_from_freelist: 471.
num_chunk_merges: 0.
num_chunk_splits: 280.
num_chunks_enlarged: 135.
num_inconsistent_stats: 0.

CodeCache: size=49152Kb used=4293Kb max_used=4293Kb free=44858Kb
 bounds [0x000001b9883a0000, 0x000001b9887e0000, 0x000001b98b3a0000]
 total_blobs=2079 nmethods=1596 adapters=407
 compilation: enabled
              stopped_count=0, restarted_count=0
 full_count=0

Compilation events (20 events):
Event: 4.473 Thread 0x000001b98e657240 nmethod 1586 0x000001b9887cda90 code [0x000001b9887cdc80, 0x000001b9887cdfd8]
Event: 4.473 Thread 0x000001b98e657240 1587       1       java.lang.Module::implIsExportedOrOpen (92 bytes)
Event: 4.473 Thread 0x000001b98e879480 nmethod 1585 0x000001b9887ce210 code [0x000001b9887ce420, 0x000001b9887ce820]
Event: 4.473 Thread 0x000001b98e657240 nmethod 1587 0x000001b9887ced10 code [0x000001b9887cef00, 0x000001b9887cf208]
Event: 4.479 Thread 0x000001b98e657240 1589       1       org.springframework.util.Assert::notNull (14 bytes)
Event: 4.479 Thread 0x000001b98e657240 nmethod 1589 0x000001b9887cf310 code [0x000001b9887cf4c0, 0x000001b9887cf5f8]
Event: 4.479 Thread 0x000001b98e657240 1590       1       sun.reflect.generics.parser.SignatureParser::skipIdentifier (67 bytes)
Event: 4.479 Thread 0x000001b98e657240 nmethod 1590 0x000001b9887cf690 code [0x000001b9887cf860, 0x000001b9887cfa40]
Event: 4.508 Thread 0x000001b98e879480 1592       1       org.springframework.util.ConcurrentReferenceHashMap$ReferenceManager::pollForPurge (11 bytes)
Event: 4.508 Thread 0x000001b98e657240 1591       1       org.springframework.util.ConcurrentReferenceHashMap$Segment::restructureIfNecessary (56 bytes)
Event: 4.508 Thread 0x000001b98e879480 nmethod 1592 0x000001b9887cfb90 code [0x000001b9887cfd40, 0x000001b9887cfe90]
Event: 4.508 Thread 0x000001b98e657240 nmethod 1591 0x000001b9887cff10 code [0x000001b9887d00c0, 0x000001b9887d0298]
Event: 4.508 Thread 0x000001b98e657240 1593       1       java.util.ArrayList::<init> (61 bytes)
Event: 4.509 Thread 0x000001b98e657240 nmethod 1593 0x000001b9887d0410 code [0x000001b9887d0620, 0x000001b9887d0ac0]
Event: 4.509 Thread 0x000001b98e879480 1594       1       sun.reflect.generics.visitor.Reifier::getFactory (5 bytes)
Event: 4.510 Thread 0x000001b98e879480 nmethod 1594 0x000001b9887d0c90 code [0x000001b9887d0e20, 0x000001b9887d0ee8]
Event: 4.557 Thread 0x000001b98e657240 1595       1       java.util.Collections$UnmodifiableCollection$1::hasNext (10 bytes)
Event: 4.557 Thread 0x000001b98e657240 nmethod 1595 0x000001b9887d0f90 code [0x000001b9887d1140, 0x000001b9887d1238]
Event: 4.557 Thread 0x000001b98e657240 1596       1       java.util.Collections$UnmodifiableCollection$1::next (10 bytes)
Event: 4.557 Thread 0x000001b98e657240 nmethod 1596 0x000001b9887d1310 code [0x000001b9887d14c0, 0x000001b9887d15b8]

GC Heap History (4 events):
Event: 3.261 GC heap before
{Heap before GC invocations=0 (full 0):
 garbage-first heap   total 63488K, used 14336K [0x00000000c3600000, 0x0000000100000000)
  region size 1024K, 13 young (13312K), 0 survivors (0K)
 Metaspace       used 3565K, committed 3712K, reserved 1114112K
  class space    used 403K, committed 448K, reserved 1048576K
}
Event: 3.272 GC heap after
{Heap after GC invocations=1 (full 0):
 garbage-first heap   total 63488K, used 7872K [0x00000000c3600000, 0x0000000100000000)
  region size 1024K, 2 young (2048K), 2 survivors (2048K)
 Metaspace       used 3565K, committed 3712K, reserved 1114112K
  class space    used 403K, committed 448K, reserved 1048576K
}
Event: 4.415 GC heap before
{Heap before GC invocations=1 (full 0):
 garbage-first heap   total 63488K, used 18112K [0x00000000c3600000, 0x0000000100000000)
  region size 1024K, 13 young (13312K), 2 survivors (2048K)
 Metaspace       used 8070K, committed 8320K, reserved 1114112K
  class space    used 997K, committed 1088K, reserved 1048576K
}
Event: 4.421 GC heap after
{Heap after GC invocations=2 (full 0):
 garbage-first heap   total 63488K, used 9065K [0x00000000c3600000, 0x0000000100000000)
  region size 1024K, 2 young (2048K), 2 survivors (2048K)
 Metaspace       used 8070K, committed 8320K, reserved 1114112K
  class space    used 997K, committed 1088K, reserved 1048576K
}

Dll operation events (10 events):
Event: 0.091 Loaded shared library C:\Program Files\Java\jdk-21\bin\java.dll
Event: 0.420 Loaded shared library C:\Program Files\Java\jdk-21\bin\zip.dll
Event: 0.431 Loaded shared library C:\Program Files\Java\jdk-21\bin\instrument.dll
Event: 0.455 Loaded shared library C:\Program Files\Java\jdk-21\bin\net.dll
Event: 0.463 Loaded shared library C:\Program Files\Java\jdk-21\bin\nio.dll
Event: 0.471 Loaded shared library C:\Program Files\Java\jdk-21\bin\zip.dll
Event: 0.596 Loaded shared library C:\Program Files\Java\jdk-21\bin\jimage.dll
Event: 3.008 Loaded shared library C:\Program Files\Java\jdk-21\bin\extnet.dll
Event: 3.041 Loaded shared library C:\Program Files\Java\jdk-21\bin\management.dll
Event: 3.069 Loaded shared library C:\Program Files\Java\jdk-21\bin\management_ext.dll

Deoptimization events (0 events):
No events

Classes loaded (20 events):
Event: 4.404 Loading class java/util/concurrent/CountDownLatch$Sync
Event: 4.405 Loading class java/util/concurrent/CountDownLatch$Sync done
Event: 4.406 Loading class java/lang/StackStreamFactory
Event: 4.407 Loading class java/lang/StackStreamFactory done
Event: 4.407 Loading class java/lang/StackWalker$ExtendedOption
Event: 4.407 Loading class java/lang/StackWalker$ExtendedOption done
Event: 4.407 Loading class java/lang/StackStreamFactory$StackFrameTraverser
Event: 4.407 Loading class java/lang/StackStreamFactory$StackFrameTraverser done
Event: 4.408 Loading class java/lang/StackStreamFactory$WalkerState
Event: 4.408 Loading class java/lang/StackStreamFactory$WalkerState done
Event: 4.408 Loading class java/lang/StackStreamFactory$StackFrameTraverser$StackFrameBuffer
Event: 4.408 Loading class java/lang/StackStreamFactory$FrameBuffer
Event: 4.408 Loading class java/lang/StackStreamFactory$FrameBuffer done
Event: 4.408 Loading class java/lang/StackStreamFactory$StackFrameTraverser$StackFrameBuffer done
Event: 4.437 Loading class java/util/concurrent/RejectedExecutionException
Event: 4.437 Loading class java/util/concurrent/RejectedExecutionException done
Event: 4.557 Loading class java/lang/StackTraceElement$HashedModules
Event: 4.557 Loading class java/lang/StackTraceElement$HashedModules done
Event: 4.564 Loading class java/util/concurrent/BlockingDeque
Event: 4.564 Loading class java/util/concurrent/BlockingDeque done

Classes unloaded (0 events):
No events

Classes redefined (0 events):
No events

Internal exceptions (20 events):
Event: 3.444 Thread 0x000001b98e645390 Exception <a 'java/lang/NoSuchMethodError'{0x00000000c7160bb0}: 'long java.lang.invoke.DirectMethodHandle$Holder.invokeSpecial(java.lang.Object, java.lang.Object)'> (0x00000000c7160bb0) 
thrown [s\open\src\hotspot\share\interpreter\linkResolver.cpp, line 773]
Event: 3.444 Thread 0x000001b98e645390 Exception <a 'java/lang/NoSuchMethodError'{0x00000000c716f700}: 'long java.lang.invoke.Invokers$Holder.invokeExact_MT(java.lang.Object, java.lang.Object)'> (0x00000000c716f700) 
thrown [s\open\src\hotspot\share\interpreter\linkResolver.cpp, line 773]
Event: 3.454 Thread 0x000001b98e645390 Exception <a 'java/lang/NoSuchMethodError'{0x00000000c7188838}: 'void java.lang.invoke.DirectMethodHandle$Holder.invokeSpecial(java.lang.Object, java.lang.Object, java.lang.Object)'> (0x00000000c7188838) 
thrown [s\open\src\hotspot\share\interpreter\linkResolver.cpp, line 773]
Event: 3.574 Thread 0x000001b98e649b40 Exception <a 'java/lang/NoSuchMethodError'{0x00000000c6fc5b68}: static [B.<clinit>()V> (0x00000000c6fc5b68) 
thrown [s\open\src\hotspot\share\prims\jni.cpp, line 1106]
Event: 3.595 Thread 0x000001b98e649b40 Exception <a 'java/lang/NoSuchMethodError'{0x00000000c6fc9b70}: 'java.lang.Object java.lang.invoke.DirectMethodHandle$Holder.invokeInterface(java.lang.Object, java.lang.Object, java.lang.Object)'> (0x00000000c6fc9b70) 
thrown [s\open\src\hotspot\share\interpreter\linkResolver.cpp, line 773]
Event: 3.607 Thread 0x000001b9fd8ef910 Exception <a 'java/lang/ClassNotFoundException'{0x00000000c6ffc8e0}: javax/smartcardio/CardPermission> (0x00000000c6ffc8e0) 
thrown [s\open\src\hotspot\share\classfile\systemDictionary.cpp, line 312]
Event: 3.613 Thread 0x000001b98e649b40 Exception <a 'java/lang/ClassNotFoundException'{0x00000000c6e3ff98}: javax/management/remote/rmi/RMIConnectionImpl_Skel> (0x00000000c6e3ff98) 
thrown [s\open\src\hotspot\share\classfile\systemDictionary.cpp, line 312]
Event: 3.615 Thread 0x000001b98e64aef0 Exception <a 'java/lang/NoSuchMethodError'{0x00000000c6e7bbb0}: 'java.lang.Object java.lang.invoke.Invokers$Holder.linkToTargetMethod(java.lang.Object, long, java.lang.Object)'> (0x00000000c6e7bbb0) 
thrown [s\open\src\hotspot\share\interpreter\linkResolver.cpp, line 773]
Event: 3.617 Thread 0x000001b9fd8ef910 Exception <a 'java/io/FileNotFoundException'{0x00000000c6e22fa8}> (0x00000000c6e22fa8) 
thrown [s\open\src\hotspot\share\prims\jni.cpp, line 520]
Event: 3.626 Thread 0x000001b98e649b40 Exception <a 'java/lang/NoSuchMethodError'{0x00000000c6e9ab80}: 'java.lang.Object java.lang.invoke.DirectMethodHandle$Holder.invokeInterface(java.lang.Object, java.lang.Object)'> (0x00000000c6e9ab80) 
thrown [s\open\src\hotspot\share\interpreter\linkResolver.cpp, line 773]
Event: 3.636 Thread 0x000001b98e649b40 Exception <a 'java/lang/NoSuchMethodError'{0x00000000c6effb10}: 'int java.lang.invoke.DelegatingMethodHandle$Holder.reinvoke_L(java.lang.Object, java.lang.Object, java.lang.Object, java.lang.Object, java.lang.Object)'> (0x00000000c6effb10) 
thrown [s\open\src\hotspot\share\interpreter\linkResolver.cpp, line 773]
Event: 3.638 Thread 0x000001b9fd8ef910 Exception <a 'java/lang/NoSuchMethodError'{0x00000000c6d18148}: 'java.lang.Object java.lang.invoke.DirectMethodHandle$Holder.invokeSpecial(java.lang.Object, java.lang.Object, java.lang.Object, long, java.lang.Object)'> (0x00000000c6d18148) 
thrown [s\open\src\hotspot\share\interpreter\linkResolver.cpp, line 773]
Event: 3.638 Thread 0x000001b9fd8ef910 Exception <a 'java/lang/NoSuchMethodError'{0x00000000c6d1ba98}: 'java.lang.Object java.lang.invoke.Invokers$Holder.linkToTargetMethod(java.lang.Object, long, java.lang.Object, java.lang.Object)'> (0x00000000c6d1ba98) 
thrown [s\open\src\hotspot\share\interpreter\linkResolver.cpp, line 773]
Event: 3.648 Thread 0x000001b98e649b40 Exception <a 'java/lang/NoSuchMethodError'{0x00000000c6d3e1b8}: 'java.lang.Object java.lang.invoke.DirectMethodHandle$Holder.invokeInterface(java.lang.Object, java.lang.Object, java.lang.Object, java.lang.Object, java.lang.Object)'> (0x00000000c6d3e1b8) 
thrown [s\open\src\hotspot\share\interpreter\linkResolver.cpp, line 773]
Event: 3.659 Thread 0x000001b98e649b40 Exception <a 'java/lang/NoSuchMethodError'{0x00000000c6d84348}: 'double java.lang.invoke.DirectMethodHandle$Holder.invokeInterface(java.lang.Object, java.lang.Object)'> (0x00000000c6d84348) 
thrown [s\open\src\hotspot\share\interpreter\linkResolver.cpp, line 773]
Event: 3.660 Thread 0x000001b98e649b40 Exception <a 'java/lang/NoSuchMethodError'{0x00000000c6d8bbb0}: 'double java.lang.invoke.DelegatingMethodHandle$Holder.reinvoke_L(java.lang.Object, java.lang.Object)'> (0x00000000c6d8bbb0) 
thrown [s\open\src\hotspot\share\interpreter\linkResolver.cpp, line 773]
Event: 3.724 Thread 0x000001b9fd8ef910 Exception <a 'java/lang/NoSuchMethodError'{0x00000000c6ce89c0}: 'void java.lang.invoke.DirectMethodHandle$Holder.invokeStatic(java.lang.Object, java.lang.Object, java.lang.Object, java.lang.Object)'> (0x00000000c6ce89c0) 
thrown [s\open\src\hotspot\share\interpreter\linkResolver.cpp, line 773]
Event: 3.784 Thread 0x000001b9fd8ef910 Exception <a 'java/lang/NoSuchMethodError'{0x00000000c6bfd320}: 'int java.lang.invoke.DirectMethodHandle$Holder.invokeStaticInit(java.lang.Object, java.lang.Object)'> (0x00000000c6bfd320) 
thrown [s\open\src\hotspot\share\interpreter\linkResolver.cpp, line 773]
Event: 3.794 Thread 0x000001b9fd8ef910 Exception <a 'java/lang/NoSuchMethodError'{0x00000000c6a385b0}: 'void java.lang.invoke.DirectMethodHandle$Holder.invokeInterface(java.lang.Object, java.lang.Object, java.lang.Object, java.lang.Object)'> (0x00000000c6a385b0) 
thrown [s\open\src\hotspot\share\interpreter\linkResolver.cpp, line 773]
Event: 4.440 Thread 0x000001b9fd8ef910 Exception <a 'java/lang/NoSuchMethodError'{0x00000000c7358e48}: 'java.lang.Object java.lang.invoke.DirectMethodHandle$Holder.invokeSpecialIFC(java.lang.Object, java.lang.Object, java.lang.Object, java.lang.Object)'> (0x00000000c7358e48) 
thrown [s\open\src\hotspot\share\interpreter\linkResolver.cpp, line 773]

ZGC Phase Switch (0 events):
No events

VM Operations (20 events):
Event: 2.977 Executing VM operation: HandshakeAllThreads (Deoptimize)
Event: 2.977 Executing VM operation: HandshakeAllThreads (Deoptimize) done
Event: 3.056 Executing VM operation: HandshakeAllThreads (Deoptimize)
Event: 3.058 Executing VM operation: HandshakeAllThreads (Deoptimize) done
Event: 3.261 Executing VM operation: G1CollectForAllocation (G1 Evacuation Pause)
Event: 3.272 Executing VM operation: G1CollectForAllocation (G1 Evacuation Pause) done
Event: 3.318 Executing VM operation: HandshakeAllThreads (Deoptimize)
Event: 3.318 Executing VM operation: HandshakeAllThreads (Deoptimize) done
Event: 3.422 Executing VM operation: HandshakeAllThreads (Deoptimize)
Event: 3.422 Executing VM operation: HandshakeAllThreads (Deoptimize) done
Event: 3.463 Executing VM operation: HandshakeAllThreads (Deoptimize)
Event: 3.463 Executing VM operation: HandshakeAllThreads (Deoptimize) done
Event: 3.532 Executing VM operation: HandshakeAllThreads (Deoptimize)
Event: 3.532 Executing VM operation: HandshakeAllThreads (Deoptimize) done
Event: 3.539 Executing VM operation: HandshakeAllThreads (Deoptimize)
Event: 3.539 Executing VM operation: HandshakeAllThreads (Deoptimize) done
Event: 3.612 Executing VM operation: HandshakeAllThreads (Deoptimize)
Event: 3.612 Executing VM operation: HandshakeAllThreads (Deoptimize) done
Event: 4.415 Executing VM operation: G1CollectForAllocation (G1 Evacuation Pause)
Event: 4.422 Executing VM operation: G1CollectForAllocation (G1 Evacuation Pause) done

Events (16 events):
Event: 0.114 Thread 0x000001b9fd8ef910 Thread added: 0x000001b9fd8ef910
Event: 0.150 Thread 0x000001b98e639b20 Thread added: 0x000001b98e639b20
Event: 0.151 Thread 0x000001b98e63c840 Thread added: 0x000001b98e63c840
Event: 0.151 Thread 0x000001b98e644520 Thread added: 0x000001b98e644520
Event: 0.152 Thread 0x000001b98e645390 Thread added: 0x000001b98e645390
Event: 0.152 Thread 0x000001b98e64a1d0 Thread added: 0x000001b98e64a1d0
Event: 0.152 Thread 0x000001b98e64bc10 Thread added: 0x000001b98e64bc10
Event: 0.152 Thread 0x000001b98e657240 Thread added: 0x000001b98e657240
Event: 0.390 Thread 0x000001b98e648e20 Thread added: 0x000001b98e648e20
Event: 0.403 Thread 0x000001b98e879480 Thread added: 0x000001b98e879480
Event: 2.935 Thread 0x000001b98e6494b0 Thread added: 0x000001b98e6494b0
Event: 2.935 Thread 0x000001b98e64b580 Thread added: 0x000001b98e64b580
Event: 3.436 Thread 0x000001b98e64c2a0 Thread added: 0x000001b98e64c2a0
Event: 3.538 Thread 0x000001b98e649b40 Thread added: 0x000001b98e649b40
Event: 3.573 Thread 0x000001b98e64a860 Thread added: 0x000001b98e64a860
Event: 3.609 Thread 0x000001b98e64aef0 Thread added: 0x000001b98e64aef0


Dynamic libraries:
0x00007ff7a6430000 - 0x00007ff7a6440000 	C:\Program Files\Java\jdk-21\bin\java.exe
0x00007fff06680000 - 0x00007fff068e5000 	C:\WINDOWS\SYSTEM32\ntdll.dll
0x00007fff053c0000 - 0x00007fff05489000 	C:\WINDOWS\System32\KERNEL32.DLL
0x00007fff03950000 - 0x00007fff03d38000 	C:\WINDOWS\System32\KERNELBASE.dll
0x00007fff03d40000 - 0x00007fff03e8b000 	C:\WINDOWS\System32\ucrtbase.dll
0x00007ffefe700000 - 0x00007ffefe719000 	C:\Program Files\Java\jdk-21\bin\jli.dll
0x00007fff04540000 - 0x00007fff045f3000 	C:\WINDOWS\System32\ADVAPI32.dll
0x00007fff05680000 - 0x00007fff05729000 	C:\WINDOWS\System32\msvcrt.dll
0x00007ffefe120000 - 0x00007ffefe13b000 	C:\Program Files\Java\jdk-21\bin\VCRUNTIME140.dll
0x00007fff064a0000 - 0x00007fff06546000 	C:\WINDOWS\System32\sechost.dll
0x00007fff04420000 - 0x00007fff04535000 	C:\WINDOWS\System32\RPCRT4.dll
0x00007fff051e0000 - 0x00007fff053aa000 	C:\WINDOWS\System32\USER32.dll
0x00007fff041f0000 - 0x00007fff04217000 	C:\WINDOWS\System32\win32u.dll
0x00007fff04860000 - 0x00007fff0488b000 	C:\WINDOWS\System32\GDI32.dll
0x00007fff04220000 - 0x00007fff04357000 	C:\WINDOWS\System32\gdi32full.dll
0x00007ffef0530000 - 0x00007ffef07ca000 	C:\WINDOWS\WinSxS\amd64_microsoft.windows.common-controls_6595b64144ccf1df_6.0.26100.4202_none_3e0698d4e335f517\COMCTL32.dll
0x00007fff03e90000 - 0x00007fff03f33000 	C:\WINDOWS\System32\msvcp_win.dll
0x00007ffeee2e0000 - 0x00007ffeee2eb000 	C:\WINDOWS\SYSTEM32\VERSION.dll
0x00007fff05490000 - 0x00007fff054c0000 	C:\WINDOWS\System32\IMM32.DLL
0x00007ffefe0c0000 - 0x00007ffefe0cc000 	C:\Program Files\Java\jdk-21\bin\vcruntime140_1.dll
0x00007ffee8ba0000 - 0x00007ffee8c2e000 	C:\Program Files\Java\jdk-21\bin\msvcp140.dll
0x00007ffe8ac90000 - 0x00007ffe8b9a7000 	C:\Program Files\Java\jdk-21\bin\server\jvm.dll
0x00007fff05a00000 - 0x00007fff05a74000 	C:\WINDOWS\System32\WS2_32.dll
0x00007fff03620000 - 0x00007fff0367e000 	C:\WINDOWS\SYSTEM32\POWRPROF.dll
0x00007ffefbbb0000 - 0x00007ffefbbe5000 	C:\WINDOWS\SYSTEM32\WINMM.dll
0x00007fff03600000 - 0x00007fff03614000 	C:\WINDOWS\SYSTEM32\UMPDC.dll
0x00007fff02590000 - 0x00007fff025ab000 	C:\WINDOWS\SYSTEM32\kernel.appcore.dll
0x00007ffefe080000 - 0x00007ffefe08a000 	C:\Program Files\Java\jdk-21\bin\jimage.dll
0x00007fff00500000 - 0x00007fff00741000 	C:\WINDOWS\SYSTEM32\DBGHELP.DLL
0x00007fff05a90000 - 0x00007fff05e15000 	C:\WINDOWS\System32\combase.dll
0x00007fff06550000 - 0x00007fff06631000 	C:\WINDOWS\System32\OLEAUT32.dll
0x00007ffee0830000 - 0x00007ffee0869000 	C:\WINDOWS\SYSTEM32\dbgcore.DLL
0x00007fff03f40000 - 0x00007fff03fd9000 	C:\WINDOWS\System32\bcryptPrimitives.dll
0x00007ffefe070000 - 0x00007ffefe07f000 	C:\Program Files\Java\jdk-21\bin\instrument.dll
0x00007ffefdb80000 - 0x00007ffefdb9f000 	C:\Program Files\Java\jdk-21\bin\java.dll
0x00007fff04990000 - 0x00007fff050d2000 	C:\WINDOWS\System32\SHELL32.dll
0x00007fff03fe0000 - 0x00007fff04154000 	C:\WINDOWS\System32\wintypes.dll
0x00007fff01400000 - 0x00007fff01c57000 	C:\WINDOWS\SYSTEM32\windows.storage.dll
0x00007fff054d0000 - 0x00007fff055c1000 	C:\WINDOWS\System32\SHCORE.dll
0x00007fff050e0000 - 0x00007fff0514a000 	C:\WINDOWS\System32\shlwapi.dll
0x00007fff036e0000 - 0x00007fff0370f000 	C:\WINDOWS\SYSTEM32\profapi.dll
0x00007ffefdb60000 - 0x00007ffefdb78000 	C:\Program Files\Java\jdk-21\bin\zip.dll
0x00007ffefe060000 - 0x00007ffefe070000 	C:\Program Files\Java\jdk-21\bin\net.dll
0x00007ffef5820000 - 0x00007ffef593e000 	C:\WINDOWS\SYSTEM32\WINHTTP.dll
0x00007fff02b00000 - 0x00007fff02b6a000 	C:\WINDOWS\system32\mswsock.dll
0x00007ffefd850000 - 0x00007ffefd866000 	C:\Program Files\Java\jdk-21\bin\nio.dll
0x00007fff020f0000 - 0x00007fff02217000 	C:\WINDOWS\SYSTEM32\DNSAPI.dll
0x00007fff020b0000 - 0x00007fff020e3000 	C:\WINDOWS\SYSTEM32\IPHLPAPI.DLL
0x00007fff05730000 - 0x00007fff0573a000 	C:\WINDOWS\System32\NSI.dll
0x00007ffef4150000 - 0x00007ffef415b000 	C:\Windows\System32\rasadhlp.dll
0x00007ffef6a70000 - 0x00007ffef6af6000 	C:\WINDOWS\System32\fwpuclnt.dll
0x00007ffef69f0000 - 0x00007ffef69f9000 	C:\Program Files\Java\jdk-21\bin\extnet.dll
0x00007ffef69e0000 - 0x00007ffef69ea000 	C:\Program Files\Java\jdk-21\bin\management.dll
0x00007ffef69d0000 - 0x00007ffef69db000 	C:\Program Files\Java\jdk-21\bin\management_ext.dll
0x00007fff05a80000 - 0x00007fff05a88000 	C:\WINDOWS\System32\PSAPI.DLL
0x00007fff02dc0000 - 0x00007fff02ddb000 	C:\WINDOWS\SYSTEM32\CRYPTSP.dll
0x00007fff024f0000 - 0x00007fff0252a000 	C:\WINDOWS\system32\rsaenh.dll
0x00007fff02ba0000 - 0x00007fff02bcb000 	C:\WINDOWS\SYSTEM32\USERENV.dll
0x00007fff036b0000 - 0x00007fff036d6000 	C:\WINDOWS\SYSTEM32\bcrypt.dll
0x00007fff02db0000 - 0x00007fff02dbc000 	C:\WINDOWS\SYSTEM32\CRYPTBASE.dll
0x00007ffeddc50000 - 0x00007ffeddc68000 	C:\WINDOWS\system32\napinsp.dll
0x00007ffeddf30000 - 0x00007ffeddf42000 	C:\WINDOWS\System32\winrnr.dll
0x00007ffedb5f0000 - 0x00007ffedb620000 	C:\WINDOWS\system32\nlansp_c.dll
0x00007ffedb590000 - 0x00007ffedb5b0000 	C:\WINDOWS\system32\wshbth.dll
0x00007ffede100000 - 0x00007ffede14e000 	C:\WINDOWS\SYSTEM32\pdh.dll

dbghelp: loaded successfully - version: 4.0.5 - missing functions: none
symbol engine: initialized successfully - sym options: 0x614 - pdb path: .;C:\Program Files\Java\jdk-21\bin;C:\WINDOWS\SYSTEM32;C:\WINDOWS\WinSxS\amd64_microsoft.windows.common-controls_6595b64144ccf1df_6.0.26100.4202_none_3e0698d4e335f517;C:\Program Files\Java\jdk-21\bin\server

VM Arguments:
jvm_args: -XX:TieredStopAtLevel=1 -Dspring.output.ansi.enabled=always -Dcom.sun.management.jmxremote -Dspring.jmx.enabled=true -Dspring.liveBeansView.mbeanDomain -Dspring.application.admin.enabled=true -Dmanagement.endpoints.jmx.exposure.include=* -javaagent:C:\Program Files\JetBrains\IntelliJ IDEA 2024.3.4.1\lib\idea_rt.jar=55501 -Dfile.encoding=UTF-8 -Dsun.stdout.encoding=UTF-8 -Dsun.stderr.encoding=UTF-8 
java_command: com.Uni9.barberia_project.BarberiaProjectApplication
java_class_path (initial): C:\Users\vbran\OneDrive\rea de Trabalho\proj_barbearia.uni9\barberia-project\barberia-project\target\classes;C:\Users\vbran\.m2\repository\org\springframework\boot\spring-boot-starter-data-jpa\3.4.3\spring-boot-starter-data-jpa-3.4.3.jar;C:\Users\vbran\.m2\repository\org\springframework\boot\spring-boot-starter\3.4.3\spring-boot-starter-3.4.3.jar;C:\Users\vbran\.m2\repository\org\springframework\boot\spring-boot-starter-logging\3.4.3\spring-boot-starter-logging-3.4.3.jar;C:\Users\vbran\.m2\repository\ch\qos\logback\logback-classic\1.5.16\logback-classic-1.5.16.jar;C:\Users\vbran\.m2\repository\ch\qos\logback\logback-core\1.5.16\logback-core-1.5.16.jar;C:\Users\vbran\.m2\repository\org\apache\logging\log4j\log4j-to-slf4j\2.24.3\log4j-to-slf4j-2.24.3.jar;C:\Users\vbran\.m2\repository\org\apache\logging\log4j\log4j-api\2.24.3\log4j-api-2.24.3.jar;C:\Users\vbran\.m2\repository\org\slf4j\jul-to-slf4j\2.0.16\jul-to-slf4j-2.0.16.jar;C:\Users\vbran\.m2\repository\jakarta\annotation\jakarta.annotation-api\2.1.1\jakarta.annotation-api-2.1.1.jar;C:\Users\vbran\.m2\repository\org\yaml\snakeyaml\2.3\snakeyaml-2.3.jar;C:\Users\vbran\.m2\repository\org\springframework\boot\spring-boot-starter-jdbc\3.4.3\spring-boot-starter-jdbc-3.4.3.jar;C:\Users\vbran\.m2\repository\com\zaxxer\HikariCP\5.1.0\HikariCP-5.1.0.jar;C:\Users\vbran\.m2\repository\org\springframework\spring-jdbc\6.2.3\spring-jdbc-6.2.3.jar;C:\Users\vbran\.m2\repository\org\hibernate\orm\hibernate-core\6.6.8.Final\hibernate-core-6.6.8.Final.jar;C:\Users\vbran\.m2\repository\jakarta\persistence\jakarta.persistence-api\3.1.0\jakarta.persistence-api-3.1.0.jar;C:\Users\vbran\.m2\repository\jakarta\transaction\jakarta.transaction-api\2.0.1\jakarta.transaction-api-2.0.1.jar;C:\Users\vbran\.m2\repository\org\hibernate\common\hibernate-commons-annotations\7.0.3.Final\hibernate-commons-annotations-7.0.3.Final.jar;C:\Users\vbran\.m2\repository\io\smallrye\jandex\3.2.0\jandex-3.2.0.jar;C:\Users\vbran\.m2\repository\net\bytebuddy\byte-buddy\1.15.11\byte-buddy-1.15.11.jar;C:\Users\vbran\.m2\repository\org\glassfish\jaxb\jaxb-runtime\4.0.5\jaxb-runtime-4.0.5.jar;C:\Users\vbran\.m2\repository\org\glassfish\jaxb\jaxb-core\4.0.5\jaxb-core-4.0.5.jar;C:\Users\vbran\.m2\repository\org\eclipse\angus\angus-activation\2.0.2\angus-activation-2.0.2.jar;C:\Users\vbran\.m2\repository\org\glassfish\jaxb\txw2\4.0.5\txw2-4.0.5.jar;C:\Users\vbran\.m2\repository\com\sun\istack\istack-commons-runtime\4.1.2\istack-commons-runtime-4.1.2.jar;C:\Users\vbran\.m2\repository\jakarta\inject\jakarta.inject-api\2.0.1\jakarta.inject-api-2.0.1.jar;C:\Users\vbran\.m2\repository\org\antlr\antlr4-runtime\4.13.0\antlr4-runtime-4.13.0.jar;C:\Users\vbran\.m2\repository\org\springframework\data\spring-data-jpa\3.4.3\spring-data-jpa-3.4.3.jar;C:\Users\vbran\.m2\repository\org\springframework\data\spring-data-commons\3.4.3\spring-data-commons-3.4.3.jar;C:\Users\vbran\.m2\repository\org\springframework\spring-orm\6.2.3\spring-orm-6.2.3.jar;C:\Users\vbran\.m2\repository\org\springframework\spring-context\6.2.3\spring-context-6.2.3.jar;C:\Users\vbran\.m2\repository\org\springframework\spring-aop\6.2.3\spring-aop-6.2.3.jar;C:\Users\vbran\.m2\repository\org\springframework\spring-tx\6.2.3\spring-tx-6.2.3.jar;C:\Users\vbran\.m2\repository\org\springframework\spring-beans\6.2.3\spring-beans-6.2.3.jar;C:\Users\vbran\.m2\repository\org\slf4j\slf4j-api\2.0.16\slf4j-api-2.0.16.jar;C:\Users\vbran\.m2\repository\org\springframework\spring-aspects\6.2.3\spring-aspects-6.2.3.jar;C:\Users\vbran\.m2\repository\org\aspectj\aspectjweaver\1.9.22.1\aspectjweaver-1.9.22.1.jar;C:\Users\vbran\.m2\repository\org\springframework\boot\spring-boot-starter-web\3.4.3\spring-boot-starter-web-3.4.3.jar;C:\Users\vbran\.m2\repository\org\springframework\boot\spring-boot-starter-json\3.4.3\spring-boot-starter-json-3.4.3.jar;C:\Users\vbran\.m2\repository\com\fasterxml\jackson\core\jackson-databind\2.18.2\jackson-databind-2.18.2.jar;C:\Users\vbran\.m2\repository\com\fasterxml\jackson\core\jackson-annotations\2.18.2\jackson-annotations-2.18.2.jar;C:\Users\vbran\.m2\repository\com\fasterxml\jackson\core\jackson-core\2.18.2\jackson-core-2.18.2.jar;C:\Users\vbran\.m2\repository\com\fasterxml\jackson\datatype\jackson-datatype-jdk8\2.18.2\jackson-datatype-jdk8-2.18.2.jar;C:\Users\vbran\.m2\repository\com\fasterxml\jackson\datatype\jackson-datatype-jsr310\2.18.2\jackson-datatype-jsr310-2.18.2.jar;C:\Users\vbran\.m2\repository\com\fasterxml\jackson\module\jackson-module-parameter-names\2.18.2\jackson-module-parameter-names-2.18.2.jar;C:\Users\vbran\.m2\repository\org\springframework\boot\spring-boot-starter-tomcat\3.4.3\spring-boot-starter-tomcat-3.4.3.jar;C:\Users\vbran\.m2\repository\org\apache\tomcat\embed\tomcat-embed-core\10.1.36\tomcat-embed-core-10.1.36.jar;C:\Users\vbran\.m2\repository\org\apache\tomcat\embed\tomcat-embed-el\10.1.36\tomcat-embed-el-10.1.36.jar;C:\Users\vbran\.m2\repository\org\apache\tomcat\embed\tomcat-embed-websocket\10.1.36\tomcat-embed-websocket-10.1.36.jar;C:\Users\vbran\.m2\repository\org\springframework\spring-web\6.2.3\spring-web-6.2.3.jar;C:\Users\vbran\.m2\repository\io\micrometer\micrometer-observation\1.14.4\micrometer-observation-1.14.4.jar;C:\Users\vbran\.m2\repository\io\micrometer\micrometer-commons\1.14.4\micrometer-commons-1.14.4.jar;C:\Users\vbran\.m2\repository\org\springframework\spring-webmvc\6.2.3\spring-webmvc-6.2.3.jar;C:\Users\vbran\.m2\repository\org\springframework\spring-expression\6.2.3\spring-expression-6.2.3.jar;C:\Users\vbran\.m2\repository\org\springframework\boot\spring-boot-devtools\3.4.3\spring-boot-devtools-3.4.3.jar;C:\Users\vbran\.m2\repository\org\springframework\boot\spring-boot\3.4.3\spring-boot-3.4.3.jar;C:\Users\vbran\.m2\repository\org\springframework\boot\spring-boot-autoconfigure\3.4.3\spring-boot-autoconfigure-3.4.3.jar;C:\Users\vbran\.m2\repository\com\mysql\mysql-connector-j\9.1.0\mysql-connector-j-9.1.0.jar;C:\Users\vbran\.m2\repository\org\projectlombok\lombok\1.18.36\lombok-1.18.36.jar;C:\Users\vbran\.m2\repository\jakarta\xml\bind\jakarta.xml.bind-api\4.0.2\jakarta.xml.bind-api-4.0.2.jar;C:\Users\vbran\.m2\repository\jakarta\activation\jakarta.activation-api\2.1.3\jakarta.activation-api-2.1.3.jar;C:\Users\vbran\.m2\repository\org\springframework\spring-core\6.2.3\spring-core-6.2.3.jar;C:\Users\vbran\.m2\repository\org\springframework\spring-jcl\6.2.3\spring-jcl-6.2.3.jar;C:\Users\vbran\.m2\repository\jakarta\validation\jakarta.validation-api\3.0.2\jakarta.validation-api-3.0.2.jar;C:\Users\vbran\.m2\repository\org\hibernate\validator\hibernate-validator\8.0.2.Final\hibernate-validator-8.0.2.Final.jar;C:\Users\vbran\.m2\repository\org\jboss\logging\jboss-logging\3.6.1.Final\jboss-logging-3.6.1.Final.jar;C:\Users\vbran\.m2\repository\com\fasterxml\classmate\1.7.0\classmate-1.7.0.jar;C:\Users\vbran\.m2\repository\org\springdoc\springdoc-openapi-starter-webmvc-ui\2.8.2\springdoc-openapi-starter-webmvc-ui-2.8.2.jar;C:\Users\vbran\.m2\repository\org\springdoc\springdoc-openapi-starter-webmvc-api\2.8.2\springdoc-openapi-starter-webmvc-api-2.8.2.jar;C:\Users\vbran\.m2\repository\org\springdoc\springdoc-openapi-starter-common\2.8.2\springdoc-openapi-starter-common-2.8.2.jar;C:\Users\vbran\.m2\repository\io\swagger\core\v3\swagger-core-jakarta\2.2.27\swagger-core-jakarta-2.2.27.jar;C:\Users\vbran\.m2\repository\org\apache\commons\commons-lang3\3.17.0\commons-lang3-3.17.0.jar;C:\Users\vbran\.m2\repository\io\swagger\core\v3\swagger-annotations-jakarta\2.2.27\swagger-annotations-jakarta-2.2.27.jar;C:\Users\vbran\.m2\repository\io\swagger\core\v3\swagger-models-jakarta\2.2.27\swagger-models-jakarta-2.2.27.jar;C:\Users\vbran\.m2\repository\com\fasterxml\jackson\dataformat\jackson-dataformat-yaml\2.18.2\jackson-dataformat-yaml-2.18.2.jar;C:\Users\vbran\.m2\repository\org\webjars\swagger-ui\5.18.2\swagger-ui-5.18.2.jar;C:\Users\vbran\.m2\repository\org\webjars\webjars-locator-lite\1.0.1\webjars-locator-lite-1.0.1.jar;C:\Users\vbran\.m2\repository\org\jspecify\jspecify\1.0.0\jspecify-1.0.0.jar
Launcher Type: SUN_STANDARD

[Global flags]
     intx CICompilerCount                          = 3                                         {product} {ergonomic}
     uint ConcGCThreads                            = 1                                         {product} {ergonomic}
     uint G1ConcRefinementThreads                  = 4                                         {product} {ergonomic}
   size_t G1HeapRegionSize                         = 1048576                                   {product} {ergonomic}
    uintx GCDrainStackTargetSize                   = 64                                        {product} {ergonomic}
   size_t InitialHeapSize                          = 65011712                                  {product} {ergonomic}
     bool ManagementServer                         = true                                      {product} {command line}
   size_t MarkStackSize                            = 4194304                                   {product} {ergonomic}
   size_t MaxHeapSize                              = 1017118720                                {product} {ergonomic}
   size_t MaxNewSize                               = 610271232                                 {product} {ergonomic}
   size_t MinHeapDeltaBytes                        = 1048576                                   {product} {ergonomic}
   size_t MinHeapSize                              = 8388608                                   {product} {ergonomic}
    uintx NonNMethodCodeHeapSize                   = 4096                                   {pd product} {ergonomic}
    uintx NonProfiledCodeHeapSize                  = 0                                      {pd product} {ergonomic}
     bool ProfileInterpreter                       = false                                  {pd product} {command line}
    uintx ProfiledCodeHeapSize                     = 0                                      {pd product} {ergonomic}
   size_t SoftMaxHeapSize                          = 1017118720                             {manageable} {ergonomic}
     intx TieredStopAtLevel                        = 1                                         {product} {command line}
     bool UseCompressedOops                        = true                           {product lp64_product} {ergonomic}
     bool UseG1GC                                  = true                                      {product} {ergonomic}
     bool UseLargePagesIndividualAllocation        = false                                  {pd product} {ergonomic}

Logging:
Log output configuration:
 #0: stdout all=warning uptime,level,tags foldmultilines=false
 #1: stderr all=off uptime,level,tags foldmultilines=false

Environment Variables:
JAVA_HOME=C:\Program Files\Java\jdk-21
PATH=C:\Program Files\Common Files\Oracle\Java\javapath;C:\Program Files (x86)\Common Files\Oracle\Java\javapath;C:\WINDOWS\system32;C:\WINDOWS;C:\WINDOWS\System32\Wbem;C:\WINDOWS\System32\WindowsPowerShell\v1.0\;C:\WINDOWS\System32\OpenSSH\;C:\Program Files\nodejs\;C:\ProgramData\chocolatey\bin;C:\ProgramData\Microsoft\Windows\Start Menu\Programs\MySQL\MySQL Server 8.0;C:\Program Files\Git\cmd;C:\Program Files\Docker\Docker\resources\bin;C:\Program Files\MySQL\MySQL Shell 8.0\bin\;C:\Users\vbran\AppData\Local\Microsoft\WindowsApps;C:\Users\vbran\AppData\Local\Programs\Microsoft VS Code\bin;C:\Program Files\Java\jdk-21\bin;C:\Users\vbran\AppData\Local\GitHubDesktop\bin;C:\Users\vbran\AppData\Roaming\npm;C:\Program Files\JetBrains\IntelliJ IDEA 2024.3.4.1\bin;;C:\Users\vbran\Downloads\apache-maven-3.9.9-bin\apache-maven-3.9.9\bin;
USERNAME=vbran
OS=Windows_NT
PROCESSOR_IDENTIFIER=Intel64 Family 6 Model 140 Stepping 1, GenuineIntel
TMP=C:\Users\vbran\AppData\Local\Temp
TEMP=C:\Users\vbran\AppData\Local\Temp




Periodic native trim disabled

---------------  S Y S T E M  ---------------

OS:
 Windows 11 , 64 bit Build 26100 (10.0.26100.4202)
OS uptime: 0 days 10:55 hours
Hyper-V role detected

CPU: total 4 (initial active 4) (2 cores per cpu, 2 threads per core) family 6 model 140 stepping 1 microcode 0xb6, cx8, cmov, fxsr, ht, mmx, 3dnowpref, sse, sse2, sse3, ssse3, sse4.1, sse4.2, popcnt, lzcnt, tsc, tscinvbit, avx, avx2, aes, erms, clmul, bmi1, bmi2, adx, avx512f, avx512dq, avx512cd, avx512bw, avx512vl, sha, fma, vzeroupper, avx512_vpopcntdq, avx512_vpclmulqdq, avx512_vaes, avx512_vnni, clflush, clflushopt, clwb, avx512_vbmi2, avx512_vbmi, hv, rdtscp, rdpid, fsrm, gfni, avx512_bitalg, f16c, cet_ibt, cet_ss, avx512_ifma
Processor Information for all 4 processors :
  Max Mhz: 2995, Current Mhz: 2995, Mhz Limit: 2995

Memory: 4k page, system-wide physical 3879M (187M free)
TotalPageFile size 15655M (AvailPageFile size 0M)
current process WorkingSet (physical memory assigned to process): 80M, peak: 80M
current process commit charge ("private bytes"): 149M, peak: 149M

vm_info: Java HotSpot(TM) 64-Bit Server VM (21.0.2+13-LTS-58) for windows-amd64 JRE (21.0.2+13-LTS-58), built on 2024-01-05T18:32:24Z by "mach5one" with MS VC++ 17.1 (VS2022)

END.
